\BOOKMARK [1][-]{section.1}{\376\377\000G\000i\036\333\000i\000\040\000t\000h\000i\036\307\000u}{}% 1
\BOOKMARK [2][-]{subsection.1.1}{\376\377\000T\036\325\000n\000g\000\040\000q\000u\000a\000n\000\040\000v\036\301\000\040\000t\000r\000\362\000\040\000c\000h\001\241\000i\000\040\000B\000a\000t\000t\000l\000e\000s\000h\000i\000p}{section.1}% 2
\BOOKMARK [2][-]{subsection.1.2}{\376\377\000M\036\345\000c\000\040\000t\000i\000\352\000u\000\040\000c\036\347\000a\000\040\000A\000s\000s\000i\000g\000n\000m\000e\000n\000t}{section.1}% 3
\BOOKMARK [2][-]{subsection.1.3}{\376\377\000K\036\371\000\040\000n\001\003\000n\000g\000\040\000M\000I\000P\000S\000\040\001\021\001\260\036\343\000c\000\040\000\341\000p\000\040\000d\036\345\000n\000g}{section.1}% 4
\BOOKMARK [2][-]{subsection.1.4}{\376\377\000C\036\245\000u\000\040\000t\000r\000\372\000c\000\040\000b\000\341\000o\000\040\000c\000\341\000o}{section.1}% 5
\BOOKMARK [1][-]{section.2}{\376\377\000P\000h\000\342\000n\000\040\000t\000\355\000c\000h\000\040\000y\000\352\000u\000\040\000c\036\247\000u}{}% 6
\BOOKMARK [2][-]{subsection.2.1}{\376\377\000T\000\363\000m\000\040\000t\036\257\000t\000\040\000y\000\352\000u\000\040\000c\036\247\000u\000\040\001\021\036\301\000\040\000b\000\340\000i}{section.2}% 7
\BOOKMARK [2][-]{subsection.2.2}{\376\377\000R\000\340\000n\000g\000\040\000b\000u\036\331\000c\000\040\000h\036\343\000p\000\040\000l\036\307\000\040\000k\000h\000i\000\040\001\021\036\267\000t\000\040\000t\000\340\000u}{section.2}% 8
\BOOKMARK [3][-]{subsubsection.2.2.1}{\376\377\000K\000i\036\303\000m\000\040\000t\000r\000a\000\040\000p\000h\036\241\000m\000\040\000v\000i\000\040\000\050\000B\000o\000u\000n\000d\000a\000r\000y\000\040\000C\000h\000e\000c\000k\000\051}{subsection.2.2}% 9
\BOOKMARK [3][-]{subsubsection.2.2.2}{\376\377\000K\000i\036\303\000m\000\040\000t\000r\000a\000\040\000h\000\354\000n\000h\000\040\000d\036\241\000n\000g\000\040\000\050\000S\000h\000a\000p\000e\000\040\000C\000h\000e\000c\000k\000\051}{subsection.2.2}% 10
\BOOKMARK [3][-]{subsubsection.2.2.3}{\376\377\000K\000i\036\303\000m\000\040\000t\000r\000a\000\040\001\021\036\331\000\040\000d\000\340\000i\000\040\000\050\000L\000e\000n\000g\000t\000h\000\040\000C\000h\000e\000c\000k\000\051}{subsection.2.2}% 11
\BOOKMARK [3][-]{subsubsection.2.2.4}{\376\377\000K\000i\036\303\000m\000\040\000t\000r\000a\000\040\000c\000h\036\323\000n\000g\000\040\000l\036\245\000n\000\040\000\050\000O\000v\000e\000r\000l\000a\000p\000\040\000C\000h\000e\000c\000k\000\051}{subsection.2.2}% 12
\BOOKMARK [2][-]{subsection.2.3}{\376\377\000B\000i\036\303\000u\000\040\000d\000i\036\305\000n\000\040\000g\000i\000\341\000\040\000t\000r\036\313\000\040\000t\000r\000\352\000n\000\040\000b\000\340\000n\000\040\000c\036\335}{section.2}% 13
\BOOKMARK [2][-]{subsection.2.4}{\376\377\000Y\000\352\000u\000\040\000c\036\247\000u\000\040\000v\036\301\000\040\000b\000\341\000o\000\040\000c\000\341\000o}{section.2}% 14
\BOOKMARK [1][-]{section.3}{\376\377\000T\036\325\000n\000g\000\040\000q\000u\000a\000n\000\040\000t\000h\000i\036\277\000t\000\040\000k\036\277\000\040\000c\000h\001\260\001\241\000n\000g\000\040\000t\000r\000\354\000n\000h}{}% 15
\BOOKMARK [2][-]{subsection.3.1}{\376\377\000P\000h\000\342\000n\000\040\000c\000h\000i\000a\000\040\000c\000h\001\260\001\241\000n\000g\000\040\000t\000r\000\354\000n\000h\000\040\000t\000h\000\340\000n\000h\000\040\000c\000\341\000c\000\040\000p\000h\036\247\000n\000\040\000c\000h\000\355\000n\000h}{section.3}% 16
\BOOKMARK [3][-]{subsubsection.3.1.1}{\376\377\000P\000h\036\247\000n\000\040\0001\000:\000\040\000G\000i\000a\000o\000\040\000d\000i\036\307\000n\000\040\000n\000g\001\260\036\335\000i\000\040\000d\000\371\000n\000g\000\040\000v\000\340\000\040\000c\000h\036\315\000n\000\040\000c\000h\036\277\000\040\001\021\036\331\000\040\000c\000h\001\241\000i}{subsection.3.1}% 17
\BOOKMARK [3][-]{subsubsection.3.1.2}{\376\377\000P\000h\036\247\000n\000\040\0002\000:\000\040\000G\000i\000a\000i\000\040\001\021\000o\036\241\000n\000\040\000t\000h\000i\036\277\000t\000\040\000l\036\255\000p\000\040\000\050\000S\000e\000t\000u\000p\000\040\000P\000h\000a\000s\000e\000\051}{subsection.3.1}% 18
\BOOKMARK [3][-]{subsubsection.3.1.3}{\376\377\000P\000h\036\247\000n\000\040\0003\000:\000\040\000G\000i\000a\000i\000\040\001\021\000o\036\241\000n\000\040\000c\000h\000i\036\277\000n\000\040\001\021\036\245\000u\000\040\000v\000\340\000\040\000k\000i\036\303\000m\000\040\000t\000r\000a\000\040\000n\000g\001\260\036\335\000i\000\040\000t\000h\036\257\000n\000g}{subsection.3.1}% 19
\BOOKMARK [2][-]{subsection.3.2}{\376\377\000L\000u\036\323\000n\000g\000\040\000c\000h\036\347\000\040\000y\036\277\000u\000\040\000c\036\347\000a\000\040\000c\000h\001\260\001\241\000n\000g\000\040\000t\000r\000\354\000n\000h}{section.3}% 20
\BOOKMARK [2][-]{subsection.3.3}{\376\377\000T\000h\000\340\000n\000h\000\040\000p\000h\036\247\000n\000\040\000c\000h\036\347\000\040\000y\036\277\000u\000\040\000c\036\347\000a\000\040\000c\000h\001\260\001\241\000n\000g\000\040\000t\000r\000\354\000n\000h}{section.3}% 21
\BOOKMARK [3][-]{subsubsection.3.3.1}{\376\377\000T\000h\036\347\000\040\000t\036\345\000c\000\040\001\021\000i\036\301\000u\000\040\000p\000h\036\321\000i\000\040\000\050\000m\000a\000i\000n\000\051}{subsection.3.3}% 22
\BOOKMARK [3][-]{subsubsection.3.3.2}{\376\377\000T\000h\036\347\000\040\000t\036\345\000c\000\040\000g\000i\000a\000o\000\040\000d\000i\036\307\000n}{subsection.3.3}% 23
\BOOKMARK [3][-]{subsubsection.3.3.3}{\376\377\000T\000h\036\347\000\040\000t\036\345\000c\000\040\000t\000h\000i\036\277\000t\000\040\000l\036\255\000p}{subsection.3.3}% 24
\BOOKMARK [3][-]{subsubsection.3.3.4}{\376\377\000T\000h\036\347\000\040\000t\036\345\000c\000\040\000c\000h\000i\036\277\000n\000\040\001\021\036\245\000u}{subsection.3.3}% 25
\BOOKMARK [3][-]{subsubsection.3.3.5}{\376\377\000T\000h\036\347\000\040\000t\036\345\000c\000\040\000h\036\327\000\040\000t\000r\036\343}{subsection.3.3}% 26
\BOOKMARK [2][-]{subsection.3.4}{\376\377\000Q\000u\000y\000\040\001\260\036\333\000c\000\040\000d\036\357\000\040\000l\000i\036\307\000u}{section.3}% 27
\BOOKMARK [1][-]{section.4}{\376\377\000B\000i\036\303\000u\000\040\000d\000i\036\305\000n\000\040\000d\036\357\000\040\000l\000i\036\307\000u}{}% 28
\BOOKMARK [2][-]{subsection.4.1}{\376\377\000\301\000n\000h\000\040\000x\036\241\000\040\000b\000\340\000n\000\040\000c\036\335\000\040\0002\000D\000\040\000t\000h\000\340\000n\000h\000\040\000m\036\243\000n\000g\000\040\0001\000D}{section.4}% 29
\BOOKMARK [3][-]{subsubsection.4.1.1}{\376\377\000C\000\364\000n\000g\000\040\000t\000h\036\351\000c\000\040\000c\000h\000u\000y\036\303\000n\000\040\001\021\036\325\000i\000\040\000i\000n\000d\000e\000x}{subsection.4.1}% 30
\BOOKMARK [3][-]{subsubsection.4.1.2}{\376\377\000C\000\364\000n\000g\000\040\000t\000h\036\351\000c\000\040\000t\000\355\000n\000h\000\040\000b\000y\000t\000e\000\040\000o\000f\000f\000s\000e\000t}{subsection.4.1}% 31
\BOOKMARK [2][-]{subsection.4.2}{\376\377\000C\036\245\000u\000\040\000t\000r\000\372\000c\000\040\000d\036\357\000\040\000l\000i\036\307\000u\000\040\000c\000h\000\355\000n\000h}{section.4}% 32
\BOOKMARK [3][-]{subsubsection.4.2.1}{\376\377\000B\000\340\000n\000\040\000c\036\335\000\040\000c\000h\000\355\000n\000h\000\040\000\050\000M\000a\000i\000n\000\040\000B\000o\000a\000r\000d\000\051\000\040\000-\000\040\000b\000o\000a\000r\000d\000P\0001\000,\000\040\000b\000o\000a\000r\000d\000P\0002}{subsection.4.2}% 33
\BOOKMARK [3][-]{subsubsection.4.2.2}{\376\377\000B\036\243\000n\000\040\001\021\036\323\000\040\000b\036\257\000n\000\040\000\050\000M\000e\000m\000o\000r\000y\000\040\000B\000o\000a\000r\000d\000\051\000\040\000-\000\040\000m\000e\000m\000P\0001\000,\000\040\000m\000e\000m\000P\0002}{subsection.4.2}% 34
\BOOKMARK [3][-]{subsubsection.4.2.3}{\376\377\000B\036\331\000\040\001\021\036\307\000m\000\040\000i\000n\000p\000u\000t\000\040\000\050\000i\000n\000p\000u\000t\000B\000u\000f\000f\000e\000r\000\051}{subsection.4.2}% 35
\BOOKMARK [3][-]{subsubsection.4.2.4}{\376\377\000M\036\253\000u\000\040\000b\000\340\000n\000\040\000c\036\335\000\040\000t\036\361\000\040\001\021\036\331\000n\000g\000\040\000\050\000a\000u\000t\000o\000B\000o\000a\000r\000d\000T\000e\000m\000p\000l\000a\000t\000e\000\051}{subsection.4.2}% 36
\BOOKMARK [3][-]{subsubsection.4.2.5}{\376\377\000B\000i\036\277\000n\000\040\000c\000h\036\277\000\040\001\021\036\331\000\040\000c\000h\001\241\000i\000\040\000\050\000g\000a\000m\000e\000M\000o\000d\000e\000\051}{subsection.4.2}% 37
\BOOKMARK [2][-]{subsection.4.3}{\376\377\000B\000i\036\303\000u\000\040\000d\000i\036\305\000n\000\040\000t\000r\036\361\000c\000\040\000q\000u\000a\000n\000\040\000t\000r\000\352\000n\000\040\000g\000i\000a\000o\000\040\000d\000i\036\307\000n}{section.4}% 38
\BOOKMARK [3][-]{subsubsection.4.3.1}{\376\377\000B\000\340\000n\000\040\000c\036\335\000\040\000c\036\347\000a\000\040\000c\000h\000\355\000n\000h\000\040\000m\000\354\000n\000h\000\040\000\050\000O\000w\000n\000\040\000B\000o\000a\000r\000d\000\051}{subsection.4.3}% 39
\BOOKMARK [3][-]{subsubsection.4.3.2}{\376\377\000B\036\243\000n\000\040\001\021\036\323\000\040\000b\036\257\000n\000\040\001\021\036\321\000i\000\040\000p\000h\001\260\001\241\000n\000g\000\040\000\050\000E\000n\000e\000m\000y\000\040\000M\000a\000p\000\051}{subsection.4.3}% 40
\BOOKMARK [2][-]{subsection.4.4}{\376\377\000V\000\355\000\040\000d\036\345\000\040\000b\000i\036\303\000u\000\040\000d\000i\036\305\000n\000\040\000d\036\357\000\040\000l\000i\036\307\000u}{section.4}% 41
\BOOKMARK [1][-]{section.5}{\376\377\000T\000h\000u\036\255\000t\000\040\000t\000o\000\341\000n\000\040\000g\000i\000a\000i\000\040\001\021\000o\036\241\000n\000\040\000t\000h\000i\036\277\000t\000\040\000l\036\255\000p}{}% 42
\BOOKMARK [2][-]{subsection.5.1}{\376\377\000T\036\325\000n\000g\000\040\000q\000u\000a\000n\000\040\000g\000i\000a\000i\000\040\001\021\000o\036\241\000n\000\040\000S\000e\000t\000u\000p}{section.5}% 43
\BOOKMARK [2][-]{subsection.5.2}{\376\377\000L\000u\036\323\000n\000g\000\040\000c\000h\000\355\000n\000h\000\040\000c\036\347\000a\000\040\000s\000e\000t\000u\000p\000\137\000p\000l\000a\000y\000e\000r}{section.5}% 44
\BOOKMARK [2][-]{subsection.5.3}{\376\377\000C\000h\000i\000\040\000t\000i\036\277\000t\000\040\000t\000h\036\347\000\040\000t\036\345\000c\000\040\000r\000e\000a\000d\000\137\000a\000n\000d\000\137\000p\000l\000a\000c\000e\000\137\000s\000h\000i\000p}{section.5}% 45
\BOOKMARK [2][-]{subsection.5.4}{\376\377\000B\001\260\036\333\000c\000\040\0001\000:\000\040\001\020\036\315\000c\000\040\000i\000n\000p\000u\000t}{section.5}% 46
\BOOKMARK [2][-]{subsection.5.5}{\376\377\000B\001\260\036\333\000c\000\040\0002\000:\000\040\000T\000\341\000c\000h\000\040\0004\000\040\000s\036\321\000\040\000n\000g\000u\000y\000\352\000n}{section.5}% 47
\BOOKMARK [2][-]{subsection.5.6}{\376\377\000B\001\260\036\333\000c\000\040\0003\000:\000\040\000K\000i\036\303\000m\000\040\000t\000r\000a\000\040\000p\000h\036\241\000m\000\040\000v\000i}{section.5}% 48
\BOOKMARK [2][-]{subsection.5.7}{\376\377\000B\001\260\036\333\000c\000\040\0004\000:\000\040\000K\000i\036\303\000m\000\040\000t\000r\000a\000\040\000h\000\354\000n\000h\000\040\000d\036\241\000n\000g}{section.5}% 49
\BOOKMARK [2][-]{subsection.5.8}{\376\377\000B\001\260\036\333\000c\000\040\0005\000:\000\040\000T\000\355\000n\000h\000\040\001\021\036\331\000\040\000d\000\340\000i}{section.5}% 50
\BOOKMARK [2][-]{subsection.5.9}{\376\377\000B\001\260\036\333\000c\000\040\0006\000:\000\040\000K\000i\036\303\000m\000\040\000t\000r\000a\000\040\001\021\036\331\000\040\000d\000\340\000i}{section.5}% 51
\BOOKMARK [2][-]{subsection.5.10}{\376\377\000B\001\260\036\333\000c\000\040\0007\000:\000\040\000K\000i\036\303\000m\000\040\000t\000r\000a\000\040\000c\000h\036\323\000n\000g\000\040\000l\036\245\000n}{section.5}% 52
\BOOKMARK [2][-]{subsection.5.11}{\376\377\000B\001\260\036\333\000c\000\040\0008\000:\000\040\001\020\036\267\000t\000\040\000t\000\340\000u\000\040\000l\000\352\000n\000\040\000b\000\340\000n\000\040\000c\036\335}{section.5}% 53
\BOOKMARK [2][-]{subsection.5.12}{\376\377\000T\000h\036\347\000\040\000t\036\345\000c\000\040\000h\036\327\000\040\000t\000r\036\343\000:\000\040\000p\000a\000r\000s\000e\000\137\000f\000o\000u\000r\000\137\000i\000n\000t\000s}{section.5}% 54
\BOOKMARK [2][-]{subsection.5.13}{\376\377\000X\036\355\000\040\000l\000\375\000\040\000C\000o\000m\000p\000u\000t\000e\000r\000\040\000t\000r\000o\000n\000g\000\040\000c\000h\036\277\000\040\001\021\036\331\000\040\000O\000n\000e\000\040\000P\000l\000a\000y\000e\000r}{section.5}% 55
\BOOKMARK [2][-]{subsection.5.14}{\376\377\000K\000i\036\303\000m\000\040\000t\000r\000a\000\040\000h\036\343\000p\000\040\000l\036\307\000\040\000t\000o\000\340\000n\000\040\000b\036\331}{section.5}% 56
\BOOKMARK [1][-]{section.6}{\376\377\000T\000h\000u\036\255\000t\000\040\000t\000o\000\341\000n\000\040\000g\000i\000a\000i\000\040\001\021\000o\036\241\000n\000\040\000c\000h\000i\036\277\000n\000\040\001\021\036\245\000u}{}% 57
\BOOKMARK [2][-]{subsection.6.1}{\376\377\000T\036\325\000n\000g\000\040\000q\000u\000a\000n\000\040\000g\000i\000a\000i\000\040\001\021\000o\036\241\000n\000\040\000B\000a\000t\000t\000l\000e}{section.6}% 58
\BOOKMARK [2][-]{subsection.6.2}{\376\377\000L\000u\036\323\000n\000g\000\040\000v\000\362\000n\000g\000\040\000l\036\267\000p\000\040\000c\000h\000\355\000n\000h\000\040\000\050\000g\000a\000m\000e\000\137\000l\000o\000o\000p\000\051}{section.6}% 59
\BOOKMARK [2][-]{subsection.6.3}{\376\377\000C\000h\000i\000\040\000t\000i\036\277\000t\000\040\000t\000h\036\347\000\040\000t\036\345\000c\000\040\000p\000l\000a\000y\000e\000r\000\137\000a\000t\000t\000a\000c\000k}{section.6}% 60
\BOOKMARK [2][-]{subsection.6.4}{\376\377\000B\001\260\036\333\000c\000\040\0001\000:\000\040\000H\000i\036\303\000n\000\040\000t\000h\036\313\000\040\000b\000\340\000n\000\040\000c\036\335}{section.6}% 61
\BOOKMARK [2][-]{subsection.6.5}{\376\377\000B\001\260\036\333\000c\000\040\0002\000:\000\040\000Y\000\352\000u\000\040\000c\036\247\000u\000\040\000n\000h\036\255\000p\000\040\000t\036\315\000a\000\040\001\021\036\331\000\040\000t\036\245\000n\000\040\000c\000\364\000n\000g}{section.6}% 62
\BOOKMARK [2][-]{subsection.6.6}{\376\377\000B\001\260\036\333\000c\000\040\0003\000:\000\040\000K\000i\036\303\000m\000\040\000t\000r\000a\000\040\000p\000h\036\241\000m\000\040\000v\000i}{section.6}% 63
\BOOKMARK [2][-]{subsection.6.7}{\376\377\000B\001\260\036\333\000c\000\040\0004\000:\000\040\000C\000h\000u\000y\036\303\000n\000\040\001\021\036\325\000i\000\040\000t\036\315\000a\000\040\001\021\036\331\000\040\000t\000h\000\340\000n\000h\000\040\000i\000n\000d\000e\000x}{section.6}% 64
\BOOKMARK [2][-]{subsection.6.8}{\376\377\000B\001\260\036\333\000c\000\040\0005\000:\000\040\000K\000i\036\303\000m\000\040\000t\000r\000a\000\040\000t\036\245\000n\000\040\000c\000\364\000n\000g\000\040\000l\036\267\000p\000\040\000l\036\241\000i}{section.6}% 65
\BOOKMARK [2][-]{subsection.6.9}{\376\377\000B\001\260\036\333\000c\000\040\0006\000:\000\040\000K\000i\036\303\000m\000\040\000t\000r\000a\000\040\000t\000r\000\372\000n\000g\000\040\000h\000a\000y\000\040\000h\036\345\000t}{section.6}% 66
\BOOKMARK [2][-]{subsection.6.10}{\376\377\000B\001\260\036\333\000c\000\040\0007\000:\000\040\000K\000i\036\303\000m\000\040\000t\000r\000a\000\040\000k\036\277\000t\000\040\000t\000h\000\372\000c\000\040\000t\000r\000\362\000\040\000c\000h\001\241\000i}{section.6}% 67
\BOOKMARK [2][-]{subsection.6.11}{\376\377\000T\000h\036\347\000\040\000t\036\345\000c\000\040\000h\036\327\000\040\000t\000r\036\343\000:\000\040\000b\000o\000a\000r\000d\000\137\000h\000a\000s\000\137\000s\000h\000i\000p}{section.6}% 68
\BOOKMARK [2][-]{subsection.6.12}{\376\377\000Q\000u\000\341\000\040\000t\000r\000\354\000n\000h\000\040\000c\036\255\000p\000\040\000n\000h\036\255\000t\000\040\000b\000\340\000n\000\040\000c\036\335}{section.6}% 69
\BOOKMARK [2][-]{subsection.6.13}{\376\377\000T\000\354\000n\000h\000\040\000h\000u\036\321\000n\000g\000\040\0001\000:\000\040\000B\036\257\000n\000\040\000t\000r\000\372\000n\000g}{section.6}% 70
\BOOKMARK [2][-]{subsection.6.14}{\376\377\000T\000\354\000n\000h\000\040\000h\000u\036\321\000n\000g\000\040\0002\000:\000\040\000B\036\257\000n\000\040\000h\036\345\000t}{section.6}% 71
\BOOKMARK [2][-]{subsection.6.15}{\376\377\000T\000\354\000n\000h\000\040\000h\000u\036\321\000n\000g\000\040\0003\000:\000\040\000B\036\257\000n\000\040\000l\036\267\000p\000\040\000l\036\241\000i}{section.6}% 72
\BOOKMARK [2][-]{subsection.6.16}{\376\377\000L\001\260\000u\000\040\000\375\000\040\000q\000u\000a\000n\000\040\000t\000r\036\315\000n\000g}{section.6}% 73
\BOOKMARK [1][-]{section.7}{\376\377\000C\000h\036\277\000\040\001\021\036\331\000\040\000m\036\331\000t\000\040\000n\000g\001\260\036\335\000i\000\040\000v\000\340\000\040\000h\000\340\000n\000h\000\040\001\021\036\331\000n\000g\000\040\000m\000\341\000y\000\040\000t\000\355\000n\000h}{}% 74
\BOOKMARK [2][-]{subsection.7.1}{\376\377\000C\000h\036\277\000\040\001\021\036\331\000\040\000O\000n\000e\000\040\000P\000l\000a\000y\000e\000r\000\040\000v\000s\000\040\000C\000o\000m\000p\000u\000t\000e\000r}{section.7}% 75
\BOOKMARK [2][-]{subsection.7.2}{\376\377\000T\000h\000i\036\277\000t\000\040\000l\036\255\000p\000\040\000b\000\340\000n\000\040\000c\036\335\000\040\000C\000o\000m\000p\000u\000t\000e\000r}{section.7}% 76
\BOOKMARK [2][-]{subsection.7.3}{\376\377\000M\036\253\000u\000\040\000b\000\340\000n\000\040\000c\036\335\000\040\000t\036\361\000\040\001\021\036\331\000n\000g\000\040\000\050\000a\000u\000t\000o\000B\000o\000a\000r\000d\000T\000e\000m\000p\000l\000a\000t\000e\000\051}{section.7}% 77
\BOOKMARK [2][-]{subsection.7.4}{\376\377\000T\000h\036\347\000\040\000t\036\345\000c\000\040\000n\036\241\000p\000\040\000b\000\340\000n\000\040\000c\036\335\000\040\000C\000o\000m\000p\000u\000t\000e\000r}{section.7}% 78
\BOOKMARK [2][-]{subsection.7.5}{\376\377\000C\000h\000i\036\277\000n\000\040\000l\001\260\036\343\000c\000\040\000t\036\245\000n\000\040\000c\000\364\000n\000g\000\040\000C\000o\000m\000p\000u\000t\000e\000r}{section.7}% 79
\BOOKMARK [2][-]{subsection.7.6}{\376\377\000T\000h\036\347\000\040\000t\036\345\000c\000\040\000c\000o\000m\000p\000u\000t\000e\000r\000\137\000a\000t\000t\000a\000c\000k}{section.7}% 80
\BOOKMARK [2][-]{subsection.7.7}{\376\377\000C\000h\000i\000\040\000t\000i\036\277\000t\000\040\000h\000o\036\241\000t\000\040\001\021\036\331\000n\000g}{section.7}% 81
\BOOKMARK [2][-]{subsection.7.8}{\376\377\000V\000\355\000\040\000d\036\345\000\040\000m\000i\000n\000h\000\040\000h\036\315\000a}{section.7}% 82
\BOOKMARK [2][-]{subsection.7.9}{\376\377\000G\000i\036\333\000i\000\040\000h\036\241\000n\000\040\000c\036\347\000a\000\040\000c\000h\000i\036\277\000n\000\040\000l\001\260\036\343\000c\000\040\000C\000o\000m\000p\000u\000t\000e\000r}{section.7}% 83
\BOOKMARK [2][-]{subsection.7.10}{\376\377\000S\000o\000\040\000s\000\341\000n\000h\000\040\000h\000a\000i\000\040\000c\000h\036\277\000\040\001\021\036\331\000\040\000c\000h\001\241\000i}{section.7}% 84
\BOOKMARK [1][-]{section.8}{\376\377\000P\000h\000\342\000n\000\040\000t\000\355\000c\000h\000\040\000v\000\340\000\040\000x\000\341\000c\000\040\000t\000h\036\361\000c\000\040\000I\000n\000p\000u\000t}{}% 85
\BOOKMARK [2][-]{subsection.8.1}{\376\377\000T\036\325\000n\000g\000\040\000q\000u\000a\000n\000\040\000v\036\301\000\040\000x\036\355\000\040\000l\000\375\000\040\000i\000n\000p\000u\000t}{section.8}% 86
\BOOKMARK [2][-]{subsection.8.2}{\376\377\000T\000h\036\347\000\040\000t\036\345\000c\000\040\000p\000a\000r\000s\000e\000\137\000f\000o\000u\000r\000\137\000i\000n\000t\000s}{section.8}% 87
\BOOKMARK [2][-]{subsection.8.3}{\376\377\000M\036\345\000c\000\040\000t\000i\000\352\000u}{section.8}% 88
\BOOKMARK [2][-]{subsection.8.4}{\376\377\000T\000h\000u\036\255\000t\000\040\000t\000o\000\341\000n}{section.8}% 89
\BOOKMARK [2][-]{subsection.8.5}{\376\377\000C\000h\000i\000\040\000t\000i\036\277\000t\000\040\000h\000o\036\241\000t\000\040\001\021\036\331\000n\000g}{section.8}% 90
\BOOKMARK [2][-]{subsection.8.6}{\376\377\000V\000\355\000\040\000d\036\345}{section.8}% 91
\BOOKMARK [2][-]{subsection.8.7}{\376\377\000T\000h\036\347\000\040\000t\036\345\000c\000\040\000p\000a\000r\000s\000e\000\137\000t\000w\000o\000\137\000i\000n\000t\000s}{section.8}% 92
\BOOKMARK [2][-]{subsection.8.8}{\376\377\000X\000\341\000c\000\040\000t\000h\036\361\000c\000\040\000p\000h\036\241\000m\000\040\000v\000i\000\040\000\050\000R\000a\000n\000g\000e\000\040\000V\000a\000l\000i\000d\000a\000t\000i\000o\000n\000\051}{section.8}% 93
\BOOKMARK [2][-]{subsection.8.9}{\376\377\000K\000h\000i\000\040\001\021\036\267\000t\000\040\000t\000\340\000u}{section.8}% 94
\BOOKMARK [2][-]{subsection.8.10}{\376\377\000K\000h\000i\000\040\000t\036\245\000n\000\040\000c\000\364\000n\000g}{section.8}% 95
\BOOKMARK [2][-]{subsection.8.11}{\376\377\000X\036\355\000\040\000l\000\375\000\040\000i\000n\000p\000u\000t\000\040\000s\000a\000i}{section.8}% 96
\BOOKMARK [2][-]{subsection.8.12}{\376\377\000V\000\362\000n\000g\000\040\000l\036\267\000p\000\040\000i\000n\000p\000u\000t\000-\000v\000a\000l\000i\000d\000a\000t\000e\000-\000r\000e\000t\000r\000y}{section.8}% 97
\BOOKMARK [2][-]{subsection.8.13}{\376\377\000G\000i\036\333\000i\000\040\000h\036\241\000n\000\040\000h\000i\036\307\000n\000\040\000t\036\241\000i}{section.8}% 98
\BOOKMARK [2][-]{subsection.8.14}{\376\377\000B\000e\000s\000t\000\040\000P\000r\000a\000c\000t\000i\000c\000e}{section.8}% 99
\BOOKMARK [1][-]{section.9}{\376\377\000T\036\325\000\040\000c\000h\036\351\000c\000\040\000t\000h\036\347\000\040\000t\036\345\000c\000\040\000v\000\340\000\040\000k\000h\000\341\000i\000\040\000n\000i\036\307\000m\000\040\000M\000I\000P\000S}{}% 100
\BOOKMARK [2][-]{subsection.9.1}{\376\377\000K\000i\036\277\000n\000\040\000t\000r\000\372\000c\000\040\000c\000h\001\260\001\241\000n\000g\000\040\000t\000r\000\354\000n\000h\000\040\000t\000h\000e\000o\000\040\000t\000h\036\347\000\040\000t\036\345\000c}{section.9}% 101
\BOOKMARK [2][-]{subsection.9.2}{\376\377\000G\036\315\000i\000\040\000v\000\340\000\040\000t\000r\036\243\000\040\000v\036\301\000\040\000t\000h\036\347\000\040\000t\036\345\000c\000\040\000\050\000P\000r\000o\000c\000e\000d\000u\000r\000e\000\040\000C\000a\000l\000l\000\040\000a\000n\000d\000\040\000R\000e\000t\000u\000r\000n\000\051}{section.9}% 102
\BOOKMARK [2][-]{subsection.9.3}{\376\377\000L\036\307\000n\000h\000\040\000j\000a\000l\000\040\000\050\000j\000u\000m\000p\000-\000a\000n\000d\000-\000l\000i\000n\000k\000\051}{section.9}% 103
\BOOKMARK [2][-]{subsection.9.4}{\376\377\000L\036\307\000n\000h\000\040\000j\000r\000\040\000\044\000r\000a\000\040\000\050\000j\000u\000m\000p\000\040\000r\000e\000g\000i\000s\000t\000e\000r\000\051}{section.9}% 104
\BOOKMARK [2][-]{subsection.9.5}{\376\377\000V\000\355\000\040\000d\036\345\000\040\001\021\001\241\000n\000\040\000g\000i\036\243\000n}{section.9}% 105
\BOOKMARK [2][-]{subsection.9.6}{\376\377\000B\036\243\000o\000\040\000t\000o\000\340\000n\000\040\000t\000h\000a\000n\000h\000\040\000g\000h\000i\000\040\000\050\000R\000e\000g\000i\000s\000t\000e\000r\000\040\000P\000r\000e\000s\000e\000r\000v\000a\000t\000i\000o\000n\000\051}{section.9}% 106
\BOOKMARK [2][-]{subsection.9.7}{\376\377\000L\000o\036\241\000i\000\040\000t\000h\000a\000n\000h\000\040\000g\000h\000i}{section.9}% 107
\BOOKMARK [2][-]{subsection.9.8}{\376\377\000S\036\355\000\040\000d\036\345\000n\000g\000\040\000S\000t\000a\000c\000k\000\040\001\021\036\303\000\040\000b\036\243\000o\000\040\000t\000o\000\340\000n\000\040\000t\000h\000a\000n\000h\000\040\000g\000h\000i}{section.9}% 108
\BOOKMARK [3][-]{subsubsection.9.8.1}{\376\377\001\020\036\251\000y\000\040\000t\000h\000a\000n\000h\000\040\000g\000h\000i\000\040\000v\000\340\000o\000\040\000s\000t\000a\000c\000k\000\040\000\050\000P\000r\000o\000l\000o\000g\000u\000e\000\051}{subsection.9.8}% 109
\BOOKMARK [3][-]{subsubsection.9.8.2}{\376\377\000K\000h\000\364\000i\000\040\000p\000h\036\345\000c\000\040\000t\000h\000a\000n\000h\000\040\000g\000h\000i\000\040\000t\036\353\000\040\000s\000t\000a\000c\000k\000\040\000\050\000E\000p\000i\000l\000o\000g\000u\000e\000\051}{subsection.9.8}% 110
\BOOKMARK [2][-]{subsection.9.9}{\376\377\000V\000\355\000\040\000d\036\345\000\040\000t\000h\036\347\000\040\000t\036\345\000c\000\040\000l\036\323\000n\000g\000\040\000n\000h\000a\000u}{section.9}% 111
\BOOKMARK [2][-]{subsection.9.10}{\376\377\000C\000\341\000c\000\040\000s\000y\000s\000c\000a\000l\000l\000\040\001\021\001\260\036\343\000c\000\040\000s\036\355\000\040\000d\036\345\000n\000g}{section.9}% 112
\BOOKMARK [2][-]{subsection.9.11}{\376\377\000V\000\355\000\040\000d\036\345\000\040\000s\036\355\000\040\000d\036\345\000n\000g\000\040\000s\000y\000s\000c\000a\000l\000l\000s}{section.9}% 113
\BOOKMARK [3][-]{subsubsection.9.11.1}{\376\377\000I\000n\000\040\000c\000h\000u\036\327\000i}{subsection.9.11}% 114
\BOOKMARK [3][-]{subsubsection.9.11.2}{\376\377\000I\000n\000\040\000s\036\321\000\040\000n\000g\000u\000y\000\352\000n}{subsection.9.11}% 115
\BOOKMARK [3][-]{subsubsection.9.11.3}{\376\377\001\020\036\315\000c\000\040\000c\000h\000u\036\327\000i}{subsection.9.11}% 116
\BOOKMARK [2][-]{subsection.9.12}{\376\377\000B\000r\000a\000n\000c\000h\000i\000n\000g\000\040\000v\000\340\000\040\000C\000o\000n\000d\000i\000t\000i\000o\000n\000a\000l\000\040\000L\000o\000g\000i\000c}{section.9}% 117
\BOOKMARK [2][-]{subsection.9.13}{\376\377\000V\000\355\000\040\000d\036\345\000:\000\040\000K\000i\036\303\000m\000\040\000t\000r\000a\000\040\000p\000h\036\241\000m\000\040\000v\000i}{section.9}% 118
\BOOKMARK [2][-]{subsection.9.14}{\376\377\000A\000r\000i\000t\000h\000m\000e\000t\000i\000c\000\040\000I\000n\000s\000t\000r\000u\000c\000t\000i\000o\000n\000s}{section.9}% 119
\BOOKMARK [2][-]{subsection.9.15}{\376\377\000V\000\355\000\040\000d\036\345\000:\000\040\000T\000\355\000n\000h\000\040\000i\000n\000d\000e\000x\000\040\000=\000\040\000r\000o\000w\000\040\000\327\000\040\0007\000\040\000+\000\040\000c\000o\000l}{section.9}% 120
\BOOKMARK [2][-]{subsection.9.16}{\376\377\000M\000e\000m\000o\000r\000y\000\040\000I\000n\000s\000t\000r\000u\000c\000t\000i\000o\000n\000s}{section.9}% 121
\BOOKMARK [2][-]{subsection.9.17}{\376\377\000V\000\355\000\040\000d\036\345\000:\000\040\001\020\036\315\000c\000/\000g\000h\000i\000\040\000\364\000\040\000t\000r\000\352\000n\000\040\000b\000\340\000n\000\040\000c\036\335}{section.9}% 122
\BOOKMARK [1][-]{section.10}{\376\377\000T\000h\000i\036\277\000t\000\040\000k\036\277\000\040\000g\000i\000a\000o\000\040\000d\000i\036\307\000n\000\040\000n\000g\001\260\036\335\000i\000\040\000d\000\371\000n\000g}{}% 123
\BOOKMARK [2][-]{subsection.10.1}{\376\377\000T\036\325\000n\000g\000\040\000q\000u\000a\000n\000\040\000v\036\301\000\040\000g\000i\000a\000o\000\040\000d\000i\036\307\000n}{section.10}% 124
\BOOKMARK [2][-]{subsection.10.2}{\376\377\000M\000e\000n\000u\000\040\000c\000h\000\355\000n\000h}{section.10}% 125
\BOOKMARK [2][-]{subsection.10.3}{\376\377\000H\000i\036\303\000n\000\040\000t\000h\036\313\000\040\000m\000e\000n\000u}{section.10}% 126
\BOOKMARK [2][-]{subsection.10.4}{\376\377\000X\036\355\000\040\000l\000\375\000\040\000l\036\361\000a\000\040\000c\000h\036\315\000n}{section.10}% 127
\BOOKMARK [2][-]{subsection.10.5}{\376\377\000H\001\260\036\333\000n\000g\000\040\000d\036\253\000n\000\040\000\050\000H\000e\000l\000p\000\051}{section.10}% 128
\BOOKMARK [2][-]{subsection.10.6}{\376\377\000L\036\361\000a\000\040\000c\000h\036\315\000n\000\040\000c\000h\036\277\000\040\001\021\036\331\000\040\000c\000h\001\241\000i}{section.10}% 129
\BOOKMARK [2][-]{subsection.10.7}{\376\377\000H\000i\036\303\000n\000\040\000t\000h\036\313\000\040\000l\036\361\000a\000\040\000c\000h\036\315\000n\000\040\000c\000h\036\277\000\040\001\021\036\331}{section.10}% 130
\BOOKMARK [2][-]{subsection.10.8}{\376\377\000X\036\355\000\040\000l\000\375\000\040\000c\000h\036\277\000\040\001\021\036\331}{section.10}% 131
\BOOKMARK [2][-]{subsection.10.9}{\376\377\000G\000i\000a\000i\000\040\001\021\000o\036\241\000n\000\040\000S\000e\000t\000u\000p}{section.10}% 132
\BOOKMARK [2][-]{subsection.10.10}{\376\377\000H\001\260\036\333\000n\000g\000\040\000d\036\253\000n\000\040\001\021\036\267\000t\000\040\000t\000\340\000u}{section.10}% 133
\BOOKMARK [2][-]{subsection.10.11}{\376\377\000P\000h\036\243\000n\000\040\000h\036\323\000i\000\040\000s\000a\000u\000\040\000k\000h\000i\000\040\001\021\036\267\000t\000\040\000t\000\340\000u}{section.10}% 134
\BOOKMARK [2][-]{subsection.10.12}{\376\377\000H\000i\036\303\000n\000\040\000t\000h\036\313\000\040\000b\000\340\000n\000\040\000c\036\335}{section.10}% 135
\BOOKMARK [2][-]{subsection.10.13}{\376\377\000B\000\340\000n\000\040\000c\036\335\000\040\000c\036\347\000a\000\040\000c\000h\000\355\000n\000h\000\040\000m\000\354\000n\000h}{section.10}% 136
\BOOKMARK [2][-]{subsection.10.14}{\376\377\000B\036\243\000n\000\040\001\021\036\323\000\040\000b\036\257\000n\000\040\001\021\036\321\000i\000\040\000p\000h\001\260\001\241\000n\000g}{section.10}% 137
\BOOKMARK [2][-]{subsection.10.15}{\376\377\000D\000u\000a\000l\000-\000B\000o\000a\000r\000d\000\040\000D\000i\000s\000p\000l\000a\000y}{section.10}% 138
\BOOKMARK [2][-]{subsection.10.16}{\376\377\000G\000i\000a\000i\000\040\001\021\000o\036\241\000n\000\040\000c\000h\000i\036\277\000n\000\040\001\021\036\245\000u}{section.10}% 139
\BOOKMARK [2][-]{subsection.10.17}{\376\377\000Y\000\352\000u\000\040\000c\036\247\000u\000\040\000n\000h\036\255\000p\000\040\000t\036\315\000a\000\040\001\021\036\331}{section.10}% 140
\BOOKMARK [2][-]{subsection.10.18}{\376\377\000T\000h\000\364\000n\000g\000\040\000b\000\341\000o\000\040\000k\036\277\000t\000\040\000q\000u\036\243}{section.10}% 141
\BOOKMARK [2][-]{subsection.10.19}{\376\377\000T\036\241\000m\000\040\000d\036\353\000n\000g\000\040\001\021\036\303\000\040\001\021\036\325\000i\000\040\000l\001\260\036\343\000t\000\040\000\050\000P\000a\000u\000s\000e\000\040\000f\000o\000r\000\040\000S\000w\000a\000p\000\051}{section.10}% 142
\BOOKMARK [2][-]{subsection.10.20}{\376\377\000T\000h\000\364\000n\000g\000\040\000b\000\341\000o\000\040\000k\036\277\000t\000\040\000t\000h\000\372\000c\000\040\000g\000a\000m\000e}{section.10}% 143
\BOOKMARK [2][-]{subsection.10.21}{\376\377\000T\000h\000\364\000n\000g\000\040\000b\000\341\000o\000\040\000l\036\327\000i}{section.10}% 144
\BOOKMARK [2][-]{subsection.10.22}{\376\377\000N\000g\000u\000y\000\352\000n\000\040\000t\036\257\000c\000\040\000t\000h\000i\036\277\000t\000\040\000k\036\277}{section.10}% 145
\BOOKMARK [1][-]{section.11}{\376\377\000K\036\277\000\040\000h\000o\036\241\000c\000h\000\040\000k\000i\036\303\000m\000\040\000t\000h\036\355\000\040\000v\000\340\000\040\000c\000\341\000c\000\040\000T\000e\000s\000t\000\040\000C\000a\000s\000e}{}% 146
\BOOKMARK [2][-]{subsection.11.1}{\376\377\000T\036\325\000n\000g\000\040\000q\000u\000a\000n\000\040\000v\036\301\000\040\000k\000i\036\303\000m\000\040\000t\000h\036\355}{section.11}% 147
\BOOKMARK [2][-]{subsection.11.2}{\376\377\000C\000\341\000c\000\040\000l\000o\036\241\000i\000\040\000k\000i\036\303\000m\000\040\000t\000h\036\355}{section.11}% 148
\BOOKMARK [2][-]{subsection.11.3}{\376\377\000K\000i\036\303\000m\000\040\000t\000h\036\355\000\040\000g\000i\000a\000i\000\040\001\021\000o\036\241\000n\000\040\000S\000e\000t\000u\000p}{section.11}% 149
\BOOKMARK [2][-]{subsection.11.4}{\376\377\000K\000i\036\303\000m\000\040\000t\000h\036\355\000\040\000g\000i\000a\000i\000\040\001\021\000o\036\241\000n\000\040\000B\000a\000t\000t\000l\000e}{section.11}% 150
\BOOKMARK [2][-]{subsection.11.5}{\376\377\000K\000i\036\303\000m\000\040\000t\000h\036\355\000\040\000x\000\341\000c\000\040\000t\000h\036\361\000c\000\040\000i\000n\000p\000u\000t}{section.11}% 151
\BOOKMARK [2][-]{subsection.11.6}{\376\377\000K\000i\036\303\000m\000\040\000t\000h\036\355\000\040\000t\036\325\000n\000g\000\040\000h\036\343\000p}{section.11}% 152
\BOOKMARK [2][-]{subsection.11.7}{\376\377\000B\036\243\000n\000g\000\040\000T\000e\000s\000t\000\040\000C\000a\000s\000e}{section.11}% 153
\BOOKMARK [2][-]{subsection.11.8}{\376\377\000C\000h\000i\036\277\000n\000\040\000l\001\260\036\343\000c\000\040\000k\000i\036\303\000m\000\040\000t\000h\036\355}{section.11}% 154
\BOOKMARK [2][-]{subsection.11.9}{\376\377\000K\000i\036\303\000m\000\040\000t\000h\036\355\000\040\000t\036\353\000\040\000d\001\260\036\333\000i\000\040\000l\000\352\000n\000\040\000\050\000B\000o\000t\000t\000o\000m\000-\000u\000p\000\040\000T\000e\000s\000t\000i\000n\000g\000\051}{section.11}% 155
\BOOKMARK [2][-]{subsection.11.10}{\376\377\000K\000i\036\303\000m\000\040\000t\000h\036\355\000\040\000b\000i\000\352\000n\000\040\000\050\000B\000o\000u\000n\000d\000a\000r\000y\000\040\000T\000e\000s\000t\000i\000n\000g\000\051}{section.11}% 156
\BOOKMARK [2][-]{subsection.11.11}{\376\377\000K\000i\036\303\000m\000\040\000t\000h\036\355\000\040\000t\000i\000\352\000u\000\040\000c\036\361\000c\000\040\000\050\000N\000e\000g\000a\000t\000i\000v\000e\000\040\000T\000e\000s\000t\000i\000n\000g\000\051}{section.11}% 157
\BOOKMARK [2][-]{subsection.11.12}{\376\377\000T\000i\000\352\000u\000\040\000c\000h\000\355\000\040\000v\001\260\036\343\000t\000\040\000q\000u\000a\000\040\000k\000i\036\303\000m\000\040\000t\000h\036\355}{section.11}% 158
\BOOKMARK [2][-]{subsection.11.13}{\376\377\000C\000\364\000n\000g\000\040\000c\036\345\000\040\000k\000i\036\303\000m\000\040\000t\000h\036\355}{section.11}% 159
\BOOKMARK [2][-]{subsection.11.14}{\376\377\000B\000\341\000o\000\040\000c\000\341\000o\000\040\000l\036\327\000i\000\040\000\050\000B\000u\000g\000\040\000R\000e\000p\000o\000r\000t\000\040\000F\000o\000r\000m\000a\000t\000\051}{section.11}% 160
\BOOKMARK [1][-]{section.12}{\376\377\000G\000i\036\333\000i\000\040\000h\036\241\000n\000\040\000v\000\340\000\040\000c\036\243\000i\000\040\000t\000i\036\277\000n\000\040\000c\000\363\000\040\000t\000h\036\303}{}% 161
\BOOKMARK [2][-]{subsection.12.1}{\376\377\000G\000i\036\333\000i\000\040\000h\036\241\000n\000\040\000h\000i\036\307\000n\000\040\000t\036\241\000i}{section.12}% 162
\BOOKMARK [2][-]{subsection.12.2}{\376\377\000C\000h\000i\036\277\000n\000\040\000l\001\260\036\343\000c\000\040\000t\036\245\000n\000\040\000c\000\364\000n\000g\000\040\000C\000o\000m\000p\000u\000t\000e\000r}{section.12}% 163
\BOOKMARK [2][-]{subsection.12.3}{\376\377\000G\000h\000i\000\040\000l\036\241\000i\000\040\000l\036\313\000c\000h\000\040\000s\036\355\000\040\000d\000i\000\040\000c\000h\000u\000y\036\303\000n\000\040\000\050\000M\000o\000v\000e\000\040\000H\000i\000s\000t\000o\000r\000y\000\051}{section.12}% 164
\BOOKMARK [2][-]{subsection.12.4}{\376\377\000K\000\355\000c\000h\000\040\000t\000h\001\260\036\333\000c\000\040\000b\000\340\000n\000\040\000c\036\335\000\040\000c\036\321\000\040\001\021\036\313\000n\000h}{section.12}% 165
\BOOKMARK [2][-]{subsection.12.5}{\376\377\000X\036\355\000\040\000l\000\375\000\040\000i\000n\000p\000u\000t\000\040\000h\036\241\000n\000\040\000c\000h\036\277}{section.12}% 166
\BOOKMARK [2][-]{subsection.12.6}{\376\377\000G\000i\000a\000o\000\040\000d\000i\036\307\000n\000\040\000t\000e\000x\000t\000\040\000t\000h\000u\036\247\000n}{section.12}% 167
\BOOKMARK [2][-]{subsection.12.7}{\376\377\000C\036\243\000i\000\040\000t\000i\036\277\000n\000\040\000c\000\363\000\040\000t\000h\036\303}{section.12}% 168
\BOOKMARK [2][-]{subsection.12.8}{\376\377\000C\000o\000m\000p\000u\000t\000e\000r\000\040\000A\000I\000\040\000n\000\342\000n\000g\000\040\000c\000a\000o}{section.12}% 169
\BOOKMARK [2][-]{subsection.12.9}{\376\377\000G\000h\000i\000\040\000l\036\241\000i\000\040\000l\036\313\000c\000h\000\040\000s\036\355\000\040\000t\000r\000\362\000\040\000c\000h\001\241\000i}{section.12}% 170
\BOOKMARK [2][-]{subsection.12.10}{\376\377\000B\000\340\000n\000\040\000c\036\335\000\040\000c\036\245\000u\000\040\000h\000\354\000n\000h\000\040\001\021\001\260\036\343\000c}{section.12}% 171
\BOOKMARK [2][-]{subsection.12.11}{\376\377\000X\036\355\000\040\000l\000\375\000\040\000i\000n\000p\000u\000t\000\040\000t\001\003\000n\000g\000\040\000c\001\260\036\335\000n\000g}{section.12}% 172
\BOOKMARK [2][-]{subsection.12.12}{\376\377\000G\000i\000a\000o\000\040\000d\000i\036\307\000n\000\040\000c\036\245\000p\000\040\000c\000a\000o\000\040\000h\001\241\000n}{section.12}% 173
\BOOKMARK [2][-]{subsection.12.13}{\376\377\000T\000\355\000n\000h\000\040\000n\001\003\000n\000g\000\040\000m\036\241\000n\000g}{section.12}% 174
\BOOKMARK [2][-]{subsection.12.14}{\376\377\000T\000h\036\321\000n\000g\000\040\000k\000\352\000\040\000v\000\340\000\040\000l\000e\000a\000d\000e\000r\000b\000o\000a\000r\000d}{section.12}% 175
\BOOKMARK [2][-]{subsection.12.15}{\376\377\000M\036\351\000c\000\040\001\260\000u\000\040\000t\000i\000\352\000n\000\040\000c\036\243\000i\000\040\000t\000i\036\277\000n}{section.12}% 176
\BOOKMARK [2][-]{subsection.12.16}{\376\377\000L\000\375\000\040\000d\000o\000\040\000k\000h\000\364\000n\000g\000\040\000t\000r\000i\036\303\000n\000\040\000k\000h\000a\000i\000\040\000t\000\355\000n\000h\000\040\000n\001\003\000n\000g\000\040\000n\000\342\000n\000g\000\040\000c\000a\000o}{section.12}% 177
\BOOKMARK [1][-]{section.13}{\376\377\000K\036\277\000t\000\040\000l\000u\036\255\000n}{}% 178
\BOOKMARK [2][-]{subsection.13.1}{\376\377\000T\000\363\000m\000\040\000t\036\257\000t\000\040\000c\000h\001\260\001\241\000n\000g\000\040\000t\000r\000\354\000n\000h}{section.13}% 179
\BOOKMARK [2][-]{subsection.13.2}{\376\377\000C\000\341\000c\000\040\000t\000\355\000n\000h\000\040\000n\001\003\000n\000g\000\040\001\021\001\260\036\343\000c\000\040\000t\000r\000i\036\303\000n\000\040\000k\000h\000a\000i}{section.13}% 180
\BOOKMARK [2][-]{subsection.13.3}{\376\377\000K\036\371\000\040\000n\001\003\000n\000g\000\040\000M\000I\000P\000S\000\040\001\021\001\260\036\343\000c\000\040\000l\000u\000y\036\307\000n\000\040\000t\036\255\000p}{section.13}% 181
\BOOKMARK [2][-]{subsection.13.4}{\376\377\000T\000h\000\341\000c\000h\000\040\000t\000h\036\351\000c\000\040\000v\000\340\000\040\000g\000i\036\243\000i\000\040\000p\000h\000\341\000p}{section.13}% 182
\BOOKMARK [2][-]{subsection.13.5}{\376\377\000T\000h\000\341\000c\000h\000\040\000t\000h\036\351\000c\000:\000\040\000Q\000u\036\243\000n\000\040\000l\000\375\000\040\000b\036\331\000\040\000n\000h\036\333\000\040\000p\000h\036\351\000c\000\040\000t\036\241\000p}{section.13}% 183
\BOOKMARK [2][-]{subsection.13.6}{\376\377\000T\000h\000\341\000c\000h\000\040\000t\000h\036\351\000c\000:\000\040\000B\036\243\000o\000\040\000t\000o\000\340\000n\000\040\000t\000h\000a\000n\000h\000\040\000g\000h\000i\000\040\000k\000h\000i\000\040\000t\000h\036\347\000\040\000t\036\345\000c\000\040\000g\036\315\000i\000\040\000t\000h\036\347\000\040\000t\036\345\000c}{section.13}% 184
\BOOKMARK [2][-]{subsection.13.7}{\376\377\000T\000h\000\341\000c\000h\000\040\000t\000h\036\351\000c\000:\000\040\000X\000\341\000c\000\040\000t\000h\036\361\000c\000\040\000i\000n\000p\000u\000t\000\040\000p\000h\036\351\000c\000\040\000t\036\241\000p}{section.13}% 185
\BOOKMARK [2][-]{subsection.13.8}{\376\377\000T\000h\000\341\000c\000h\000\040\000t\000h\036\351\000c\000:\000\040\000T\000\341\000c\000h\000\040\000b\000i\036\307\000t\000\040\000b\000o\000a\000r\000d\000P\0001\000/\000b\000o\000a\000r\000d\000P\0002\000\040\000v\000\340\000\040\000m\000e\000m\000P\0001\000/\000m\000e\000m\000P\0002}{section.13}% 186
\BOOKMARK [2][-]{subsection.13.9}{\376\377\001\020\000\363\000n\000g\000\040\000g\000\363\000p\000\040\000c\000h\000o\000\040\000v\000i\036\307\000c\000\040\000h\036\315\000c}{section.13}% 187
\BOOKMARK [2][-]{subsection.13.10}{\376\377\000K\036\277\000t\000\040\000l\000u\036\255\000n\000\040\000c\000u\036\321\000i\000\040\000c\000\371\000n\000g}{section.13}% 188
\BOOKMARK [2][-]{subsection.13.11}{\376\377\000H\001\260\036\333\000n\000g\000\040\000p\000h\000\341\000t\000\040\000t\000r\000i\036\303\000n\000\040\000t\000r\000o\000n\000g\000\040\000t\001\260\001\241\000n\000g\000\040\000l\000a\000i}{section.13}% 189
