This is pdfTeX, Version 3.141592653-2.6-1.40.28 (MiKTeX 25.12) (preloaded format=pdflatex 2026.5.1)  3 JUN 2026 15:17
entering extended mode
 restricted \write18 enabled.
 %&-line parsing enabled.
**./report.tex
(report.tex
LaTeX2e <2025-11-01>
L3 programming layer <2025-12-24>
(hcmut-report.cls
Document Class: hcmut-report 
(C:\Users\Admin\AppData\Local\Programs\MiKTeX\tex/latex/base\article.cls
Document Class: article 2025/01/22 v1.4n Standard LaTeX document class
(C:\Users\Admin\AppData\Local\Programs\MiKTeX\tex/latex/base\size12.clo
File: size12.clo 2025/01/22 v1.4n Standard LaTeX file (size option)
)
\c@part=\count275
\c@section=\count276
\c@subsection=\count277
\c@subsubsection=\count278
\c@paragraph=\count279
\c@subparagraph=\count280
\c@figure=\count281
\c@table=\count282
\abovecaptionskip=\skip49
\belowcaptionskip=\skip50
\bibindent=\dimen148
)
(C:\Users\Admin\AppData\Local\Programs\MiKTeX\tex/latex/vntex\vntex.sty
Package: vntex 2009/07/12 v1.1 support for Vietnamese

(C:\Users\Admin\AppData\Local\Programs\MiKTeX\tex/latex/base\ifthen.sty
Package: ifthen 2024/03/16 v1.1e Standard LaTeX ifthen package (DPC)
)
(C:\Users\Admin\AppData\Local\Programs\MiKTeX\tex/latex/base\fontenc.sty
Package: fontenc 2025/07/18 v2.1d Standard LaTeX package

(C:\Users\Admin\AppData\Local\Programs\MiKTeX\tex/latex/vntex\t5enc.def
File: t5enc.def 2006/11/21 v1.4 Vietnamese T5 encoding
Now handling font encoding T5 ...
... processing UTF-8 mapping file for font encoding T5

(C:\Users\Admin\AppData\Local\Programs\MiKTeX\tex/latex/vntex\t5enc.dfu
File: t5enc.dfu 2006/08/19 v1.1 UTF8 support for Vietnamese
   defining Unicode char U+00AB (decimal 171)
   defining Unicode char U+00BB (decimal 187)
   defining Unicode char U+00C0 (decimal 192)
   defining Unicode char U+00C1 (decimal 193)
   defining Unicode char U+00C2 (decimal 194)
   defining Unicode char U+00C3 (decimal 195)
   defining Unicode char U+00C8 (decimal 200)
   defining Unicode char U+00C9 (decimal 201)
   defining Unicode char U+00CA (decimal 202)
   defining Unicode char U+00CC (decimal 204)
   defining Unicode char U+00CD (decimal 205)
   defining Unicode char U+00D2 (decimal 210)
   defining Unicode char U+00D3 (decimal 211)
   defining Unicode char U+00D4 (decimal 212)
   defining Unicode char U+00D5 (decimal 213)
   defining Unicode char U+00D9 (decimal 217)
   defining Unicode char U+00DA (decimal 218)
   defining Unicode char U+00DD (decimal 221)
   defining Unicode char U+00E0 (decimal 224)
   defining Unicode char U+00E1 (decimal 225)
   defining Unicode char U+00E2 (decimal 226)
   defining Unicode char U+00E3 (decimal 227)
   defining Unicode char U+00E8 (decimal 232)
   defining Unicode char U+00E9 (decimal 233)
   defining Unicode char U+00EA (decimal 234)
   defining Unicode char U+00EC (decimal 236)
   defining Unicode char U+00ED (decimal 237)
   defining Unicode char U+00F2 (decimal 242)
   defining Unicode char U+00F3 (decimal 243)
   defining Unicode char U+00F4 (decimal 244)
   defining Unicode char U+00F5 (decimal 245)
   defining Unicode char U+00F9 (decimal 249)
   defining Unicode char U+00FA (decimal 250)
   defining Unicode char U+00FD (decimal 253)
   defining Unicode char U+0102 (decimal 258)
   defining Unicode char U+0103 (decimal 259)
   defining Unicode char U+0110 (decimal 272)
   defining Unicode char U+0111 (decimal 273)
   defining Unicode char U+0128 (decimal 296)
   defining Unicode char U+0129 (decimal 297)
   defining Unicode char U+0131 (decimal 305)
   defining Unicode char U+0168 (decimal 360)
   defining Unicode char U+0169 (decimal 361)
   defining Unicode char U+01A0 (decimal 416)
   defining Unicode char U+01A1 (decimal 417)
   defining Unicode char U+01AF (decimal 431)
   defining Unicode char U+01B0 (decimal 432)
   defining Unicode char U+1EA0 (decimal 7840)
   defining Unicode char U+1EA1 (decimal 7841)
   defining Unicode char U+1EA2 (decimal 7842)
   defining Unicode char U+1EA3 (decimal 7843)
   defining Unicode char U+1EA4 (decimal 7844)
   defining Unicode char U+1EA5 (decimal 7845)
   defining Unicode char U+1EA6 (decimal 7846)
   defining Unicode char U+1EA7 (decimal 7847)
   defining Unicode char U+1EA8 (decimal 7848)
   defining Unicode char U+1EA9 (decimal 7849)
   defining Unicode char U+1EAA (decimal 7850)
   defining Unicode char U+1EAB (decimal 7851)
   defining Unicode char U+1EAC (decimal 7852)
   defining Unicode char U+1EAD (decimal 7853)
   defining Unicode char U+1EAE (decimal 7854)
   defining Unicode char U+1EAF (decimal 7855)
   defining Unicode char U+1EB0 (decimal 7856)
   defining Unicode char U+1EB1 (decimal 7857)
   defining Unicode char U+1EB2 (decimal 7858)
   defining Unicode char U+1EB3 (decimal 7859)
   defining Unicode char U+1EB4 (decimal 7860)
   defining Unicode char U+1EB5 (decimal 7861)
   defining Unicode char U+1EB6 (decimal 7862)
   defining Unicode char U+1EB7 (decimal 7863)
   defining Unicode char U+1EB8 (decimal 7864)
   defining Unicode char U+1EB9 (decimal 7865)
   defining Unicode char U+1EBA (decimal 7866)
   defining Unicode char U+1EBB (decimal 7867)
   defining Unicode char U+1EBC (decimal 7868)
   defining Unicode char U+1EBD (decimal 7869)
   defining Unicode char U+1EBE (decimal 7870)
   defining Unicode char U+1EBF (decimal 7871)
   defining Unicode char U+1EC0 (decimal 7872)
   defining Unicode char U+1EC1 (decimal 7873)
   defining Unicode char U+1EC2 (decimal 7874)
   defining Unicode char U+1EC3 (decimal 7875)
   defining Unicode char U+1EC4 (decimal 7876)
   defining Unicode char U+1EC5 (decimal 7877)
   defining Unicode char U+1EC6 (decimal 7878)
   defining Unicode char U+1EC7 (decimal 7879)
   defining Unicode char U+1EC8 (decimal 7880)
   defining Unicode char U+1EC9 (decimal 7881)
   defining Unicode char U+1ECA (decimal 7882)
   defining Unicode char U+1ECB (decimal 7883)
   defining Unicode char U+1ECC (decimal 7884)
   defining Unicode char U+1ECD (decimal 7885)
   defining Unicode char U+1ECE (decimal 7886)
   defining Unicode char U+1ECF (decimal 7887)
   defining Unicode char U+1ED0 (decimal 7888)
   defining Unicode char U+1ED1 (decimal 7889)
   defining Unicode char U+1ED2 (decimal 7890)
   defining Unicode char U+1ED3 (decimal 7891)
   defining Unicode char U+1ED4 (decimal 7892)
   defining Unicode char U+1ED5 (decimal 7893)
   defining Unicode char U+1ED6 (decimal 7894)
   defining Unicode char U+1ED7 (decimal 7895)
   defining Unicode char U+1ED8 (decimal 7896)
   defining Unicode char U+1ED9 (decimal 7897)
   defining Unicode char U+1EDA (decimal 7898)
   defining Unicode char U+1EDB (decimal 7899)
   defining Unicode char U+1EDC (decimal 7900)
   defining Unicode char U+1EDD (decimal 7901)
   defining Unicode char U+1EDE (decimal 7902)
   defining Unicode char U+1EDF (decimal 7903)
   defining Unicode char U+1EE0 (decimal 7904)
   defining Unicode char U+1EE1 (decimal 7905)
   defining Unicode char U+1EE2 (decimal 7906)
   defining Unicode char U+1EE3 (decimal 7907)
   defining Unicode char U+1EE4 (decimal 7908)
   defining Unicode char U+1EE5 (decimal 7909)
   defining Unicode char U+1EE6 (decimal 7910)
   defining Unicode char U+1EE7 (decimal 7911)
   defining Unicode char U+1EE8 (decimal 7912)
   defining Unicode char U+1EE9 (decimal 7913)
   defining Unicode char U+1EEA (decimal 7914)
   defining Unicode char U+1EEB (decimal 7915)
   defining Unicode char U+1EEC (decimal 7916)
   defining Unicode char U+1EED (decimal 7917)
   defining Unicode char U+1EEE (decimal 7918)
   defining Unicode char U+1EEF (decimal 7919)
   defining Unicode char U+1EF0 (decimal 7920)
   defining Unicode char U+1EF1 (decimal 7921)
   defining Unicode char U+1EF2 (decimal 7922)
   defining Unicode char U+1EF3 (decimal 7923)
   defining Unicode char U+1EF4 (decimal 7924)
   defining Unicode char U+1EF5 (decimal 7925)
   defining Unicode char U+1EF6 (decimal 7926)
   defining Unicode char U+1EF7 (decimal 7927)
   defining Unicode char U+1EF8 (decimal 7928)
   defining Unicode char U+1EF9 (decimal 7929)
   defining Unicode char U+200C (decimal 8204)
   defining Unicode char U+2013 (decimal 8211)
   defining Unicode char U+2014 (decimal 8212)
   defining Unicode char U+2018 (decimal 8216)
   defining Unicode char U+2019 (decimal 8217)
   defining Unicode char U+201A (decimal 8218)
   defining Unicode char U+201C (decimal 8220)
   defining Unicode char U+201D (decimal 8221)
   defining Unicode char U+201E (decimal 8222)
   defining Unicode char U+2030 (decimal 8240)
   defining Unicode char U+2031 (decimal 8241)
   defining Unicode char U+2039 (decimal 8249)
   defining Unicode char U+203A (decimal 8250)
   defining Unicode char U+2423 (decimal 9251)
))
LaTeX Font Info:    Trying to load font information for T5+cmr on input line 11
6.

(C:\Users\Admin\AppData\Local\Programs\MiKTeX\tex/latex/vntex\t5cmr.fd
File: t5cmr.fd 1999/05/25 v2.5h Standard LaTeX font definitions
))
(C:\Users\Admin\AppData\Local\Programs\MiKTeX\tex/latex/base\inputenc.sty
Package: inputenc 2024/02/08 v1.3d Input encoding file
\inpenc@prehook=\toks17
\inpenc@posthook=\toks18
)
(C:\Users\Admin\AppData\Local\Programs\MiKTeX\tex/latex/vntex\vncaps.tex
File: vncaps.tex 2006/06/07 v1.1 Captions in Vietnamese
))
(C:\Users\Admin\AppData\Local\Programs\MiKTeX\tex/latex/anyfontsize\anyfontsize
.sty
Package: anyfontsize 2007/11/22 anyfontsize.sty by pts
)
(C:\Users\Admin\AppData\Local\Programs\MiKTeX\tex/latex/amsmath\amsmath.sty
Package: amsmath 2025/07/09 v2.17z AMS math features
\@mathmargin=\skip51

For additional information on amsmath, use the `?' option.
(C:\Users\Admin\AppData\Local\Programs\MiKTeX\tex/latex/amsmath\amstext.sty
Package: amstext 2024/11/17 v2.01 AMS text

(C:\Users\Admin\AppData\Local\Programs\MiKTeX\tex/latex/amsmath\amsgen.sty
File: amsgen.sty 1999/11/30 v2.0 generic functions
\@emptytoks=\toks19
\ex@=\dimen149
))
(C:\Users\Admin\AppData\Local\Programs\MiKTeX\tex/latex/amsmath\amsbsy.sty
Package: amsbsy 1999/11/29 v1.2d Bold Symbols
\pmbraise@=\dimen150
)
(C:\Users\Admin\AppData\Local\Programs\MiKTeX\tex/latex/amsmath\amsopn.sty
Package: amsopn 2022/04/08 v2.04 operator names
)
\inf@bad=\count283
LaTeX Info: Redefining \frac on input line 233.
\uproot@=\count284
\leftroot@=\count285
LaTeX Info: Redefining \overline on input line 398.
LaTeX Info: Redefining \colon on input line 409.
\classnum@=\count286
\DOTSCASE@=\count287
LaTeX Info: Redefining \ldots on input line 495.
LaTeX Info: Redefining \dots on input line 498.
LaTeX Info: Redefining \cdots on input line 619.
\Mathstrutbox@=\box53
\strutbox@=\box54
LaTeX Info: Redefining \big on input line 721.
LaTeX Info: Redefining \Big on input line 722.
LaTeX Info: Redefining \bigg on input line 723.
LaTeX Info: Redefining \Bigg on input line 724.
\big@size=\dimen151
LaTeX Font Info:    Redeclaring font encoding OML on input line 742.
LaTeX Font Info:    Redeclaring font encoding OMS on input line 743.
\macc@depth=\count288
LaTeX Info: Redefining \bmod on input line 904.
LaTeX Info: Redefining \pmod on input line 909.
LaTeX Info: Redefining \smash on input line 939.
LaTeX Info: Redefining \relbar on input line 969.
LaTeX Info: Redefining \Relbar on input line 970.
\c@MaxMatrixCols=\count289
\dotsspace@=\muskip17
\c@parentequation=\count290
\dspbrk@lvl=\count291
\tag@help=\toks20
\row@=\count292
\column@=\count293
\maxfields@=\count294
\andhelp@=\toks21
\eqnshift@=\dimen152
\alignsep@=\dimen153
\tagshift@=\dimen154
\tagwidth@=\dimen155
\totwidth@=\dimen156
\lineht@=\dimen157
\@envbody=\toks22
\multlinegap=\skip52
\multlinetaggap=\skip53
\mathdisplay@stack=\toks23
LaTeX Info: Redefining \[ on input line 2950.
LaTeX Info: Redefining \] on input line 2951.
)
(C:\Users\Admin\AppData\Local\Programs\MiKTeX\tex/latex/amsfonts\amssymb.sty
Package: amssymb 2013/01/14 v3.01 AMS font symbols

(C:\Users\Admin\AppData\Local\Programs\MiKTeX\tex/latex/amsfonts\amsfonts.sty
Package: amsfonts 2013/01/14 v3.01 Basic AMSFonts support
\symAMSa=\mathgroup4
\symAMSb=\mathgroup5
LaTeX Font Info:    Redeclaring math symbol \hbar on input line 98.
LaTeX Font Info:    Overwriting math alphabet `\mathfrak' in version `bold'
(Font)                  U/euf/m/n --> U/euf/b/n on input line 106.
)) (C:\Users\Admin\AppData\Local\Programs\MiKTeX\tex/latex/base\fontenc.sty
Package: fontenc 2025/07/18 v2.1d Standard LaTeX package
)
(C:\Users\Admin\AppData\Local\Programs\MiKTeX\tex/latex/geometry\geometry.sty
Package: geometry 2026/03/07 v6.0 Page Geometry

(C:\Users\Admin\AppData\Local\Programs\MiKTeX\tex/latex/graphics\keyval.sty
Package: keyval 2022/05/29 v1.15 key=value parser (DPC)
\KV@toks@=\toks24
)
(C:\Users\Admin\AppData\Local\Programs\MiKTeX\tex/generic/iftex\ifvtex.sty
Package: ifvtex 2019/10/25 v1.7 ifvtex legacy package. Use iftex instead.

(C:\Users\Admin\AppData\Local\Programs\MiKTeX\tex/generic/iftex\iftex.sty
Package: iftex 2024/12/12 v1.0g TeX engine tests
))
\Gm@cnth=\count295
\Gm@cntv=\count296
\c@Gm@tempcnt=\count297
\Gm@bindingoffset=\dimen158
\Gm@wd@mp=\dimen159
\Gm@odd@mp=\dimen160
\Gm@even@mp=\dimen161
\Gm@layoutwidth=\dimen162
\Gm@layoutheight=\dimen163
\Gm@layouthoffset=\dimen164
\Gm@layoutvoffset=\dimen165
\Gm@dimlist=\toks25

(C:\Users\Admin\AppData\Local\Programs\MiKTeX\tex/latex/geometry\geometry.cfg))
(C:\Users\Admin\AppData\Local\Programs\MiKTeX\tex/latex/graphics\graphicx.sty
Package: graphicx 2024/12/31 v1.2e Enhanced LaTeX Graphics (DPC,SPQR)

(C:\Users\Admin\AppData\Local\Programs\MiKTeX\tex/latex/graphics\graphics.sty
Package: graphics 2024/08/06 v1.4g Standard LaTeX Graphics (DPC,SPQR)

(C:\Users\Admin\AppData\Local\Programs\MiKTeX\tex/latex/graphics\trig.sty
Package: trig 2023/12/02 v1.11 sin cos tan (DPC)
)
(C:\Users\Admin\AppData\Local\Programs\MiKTeX\tex/latex/graphics-cfg\graphics.c
fg
File: graphics.cfg 2016/06/04 v1.11 sample graphics configuration
)
Package graphics Info: Driver file: pdftex.def on input line 106.

(C:\Users\Admin\AppData\Local\Programs\MiKTeX\tex/latex/graphics-def\pdftex.def
File: pdftex.def 2025/09/29 v1.2d Graphics/color driver for pdftex
))
\Gin@req@height=\dimen166
\Gin@req@width=\dimen167
)
(C:\Users\Admin\AppData\Local\Programs\MiKTeX\tex/latex/tools\indentfirst.sty
Package: indentfirst 2023/07/02 v1.03 Indent first paragraph (DPC)
)
(C:\Users\Admin\AppData\Local\Programs\MiKTeX\tex/latex/setspace\setspace.sty
Package: setspace 2022/12/04 v6.7b set line spacing
)
(C:\Users\Admin\AppData\Local\Programs\MiKTeX\tex/latex/booktabs\booktabs.sty
Package: booktabs 2020/01/12 v1.61803398 Publication quality tables
\heavyrulewidth=\dimen168
\lightrulewidth=\dimen169
\cmidrulewidth=\dimen170
\belowrulesep=\dimen171
\belowbottomsep=\dimen172
\aboverulesep=\dimen173
\abovetopsep=\dimen174
\cmidrulesep=\dimen175
\cmidrulekern=\dimen176
\defaultaddspace=\dimen177
\@cmidla=\count298
\@cmidlb=\count299
\@aboverulesep=\dimen178
\@belowrulesep=\dimen179
\@thisruleclass=\count300
\@lastruleclass=\count301
\@thisrulewidth=\dimen180
)
(C:\Users\Admin\AppData\Local\Programs\MiKTeX\tex/latex/caption\caption.sty
Package: caption 2023/08/05 v3.6o Customizing captions (AR)

(C:\Users\Admin\AppData\Local\Programs\MiKTeX\tex/latex/caption\caption3.sty
Package: caption3 2023/07/31 v2.4d caption3 kernel (AR)
\caption@tempdima=\dimen181
\captionmargin=\dimen182
\caption@leftmargin=\dimen183
\caption@rightmargin=\dimen184
\caption@width=\dimen185
\caption@indent=\dimen186
\caption@parindent=\dimen187
\caption@hangindent=\dimen188
Package caption Info: Standard document class detected.
)
\c@caption@flags=\count302
\c@continuedfloat=\count303
)
(C:\Users\Admin\AppData\Local\Programs\MiKTeX\tex/latex/fancyhdr\fancyhdr.sty
Package: fancyhdr 2025/02/07 v5.2 Extensive control of page headers and footers

\f@nch@headwidth=\skip54
\f@nch@offset@elh=\skip55
\f@nch@offset@erh=\skip56
\f@nch@offset@olh=\skip57
\f@nch@offset@orh=\skip58
\f@nch@offset@elf=\skip59
\f@nch@offset@erf=\skip60
\f@nch@offset@olf=\skip61
\f@nch@offset@orf=\skip62
\f@nch@height=\skip63
\f@nch@footalignment=\skip64
\f@nch@widthL=\skip65
\f@nch@widthC=\skip66
\f@nch@widthR=\skip67
\@temptokenb=\toks26
)
(C:\Users\Admin\AppData\Local\Programs\MiKTeX\tex/latex/hyperref\hyperref.sty
Package: hyperref 2025-07-12 v7.01o Hypertext links for LaTeX

(C:\Users\Admin\AppData\Local\Programs\MiKTeX\tex/latex/kvsetkeys\kvsetkeys.sty
Package: kvsetkeys 2022-10-05 v1.19 Key value parser (HO)
)
(C:\Users\Admin\AppData\Local\Programs\MiKTeX\tex/generic/kvdefinekeys\kvdefine
keys.sty
Package: kvdefinekeys 2019-12-19 v1.6 Define keys (HO)
)
(C:\Users\Admin\AppData\Local\Programs\MiKTeX\tex/generic/pdfescape\pdfescape.s
ty
Package: pdfescape 2019/12/09 v1.15 Implements pdfTeX's escape features (HO)

(C:\Users\Admin\AppData\Local\Programs\MiKTeX\tex/generic/ltxcmds\ltxcmds.sty
Package: ltxcmds 2023-12-04 v1.26 LaTeX kernel commands for general use (HO)
)
(C:\Users\Admin\AppData\Local\Programs\MiKTeX\tex/generic/pdftexcmds\pdftexcmds
.sty
Package: pdftexcmds 2020-06-27 v0.33 Utility functions of pdfTeX for LuaTeX (HO
)

(C:\Users\Admin\AppData\Local\Programs\MiKTeX\tex/generic/infwarerr\infwarerr.s
ty
Package: infwarerr 2019/12/03 v1.5 Providing info/warning/error messages (HO)
)
Package pdftexcmds Info: \pdf@primitive is available.
Package pdftexcmds Info: \pdf@ifprimitive is available.
Package pdftexcmds Info: \pdfdraftmode found.
))
(C:\Users\Admin\AppData\Local\Programs\MiKTeX\tex/latex/hycolor\hycolor.sty
Package: hycolor 2020-01-27 v1.10 Color options for hyperref/bookmark (HO)
)
(C:\Users\Admin\AppData\Local\Programs\MiKTeX\tex/latex/hyperref\nameref.sty
Package: nameref 2025-06-21 v2.57 Cross-referencing by name of section

(C:\Users\Admin\AppData\Local\Programs\MiKTeX\tex/latex/refcount\refcount.sty
Package: refcount 2019/12/15 v3.6 Data extraction from label references (HO)
)
(C:\Users\Admin\AppData\Local\Programs\MiKTeX\tex/generic/gettitlestring\gettit
lestring.sty
Package: gettitlestring 2019/12/15 v1.6 Cleanup title references (HO)

(C:\Users\Admin\AppData\Local\Programs\MiKTeX\tex/latex/kvoptions\kvoptions.sty
Package: kvoptions 2022-06-15 v3.15 Key value format for package options (HO)
))
\c@section@level=\count304
)
(C:\Users\Admin\AppData\Local\Programs\MiKTeX\tex/latex/etoolbox\etoolbox.sty
Package: etoolbox 2025/10/02 v2.5m e-TeX tools for LaTeX (JAW)
\etb@tempcnta=\count305
)
(C:\Users\Admin\AppData\Local\Programs\MiKTeX\tex/generic/stringenc\stringenc.s
ty
Package: stringenc 2019/11/29 v1.12 Convert strings between diff. encodings (HO
)
)
\@linkdim=\dimen189
\Hy@linkcounter=\count306
\Hy@pagecounter=\count307
 (C:\Users\Admin\AppData\Local\Programs\MiKTeX\tex/latex/hyperref\pd1enc.def
File: pd1enc.def 2025-07-12 v7.01o Hyperref: PDFDocEncoding definition (HO)
Now handling font encoding PD1 ...
... no UTF-8 mapping file for font encoding PD1
) (C:\Users\Admin\AppData\Local\Programs\MiKTeX\tex/generic/intcalc\intcalc.sty
Package: intcalc 2019/12/15 v1.3 Expandable calculations with integers (HO)
)
\Hy@SavedSpaceFactor=\count308
 (C:\Users\Admin\AppData\Local\Programs\MiKTeX\tex/latex/hyperref\puenc.def
File: puenc.def 2025-07-12 v7.01o Hyperref: PDF Unicode definition (HO)
Now handling font encoding PU ...
... no UTF-8 mapping file for font encoding PU
)
Package hyperref Info: Option `final' set `true' on input line 4066.
Package hyperref Info: Hyper figures OFF on input line 4195.
Package hyperref Info: Link nesting OFF on input line 4200.
Package hyperref Info: Hyper index ON on input line 4203.
Package hyperref Info: Plain pages OFF on input line 4210.
Package hyperref Info: Backreferencing OFF on input line 4215.
Package hyperref Info: Implicit mode ON; LaTeX internals redefined.
Package hyperref Info: Bookmarks ON on input line 4462.
\c@Hy@tempcnt=\count309

(C:\Users\Admin\AppData\Local\Programs\MiKTeX\tex/latex/url\url.sty
\Urlmuskip=\muskip18
Package: url 2013/09/16  ver 3.4  Verb mode for urls, etc.
)
LaTeX Info: Redefining \url on input line 4801.
\XeTeXLinkMargin=\dimen190

(C:\Users\Admin\AppData\Local\Programs\MiKTeX\tex/generic/bitset\bitset.sty
Package: bitset 2019/12/09 v1.3 Handle bit-vector datatype (HO)

(C:\Users\Admin\AppData\Local\Programs\MiKTeX\tex/generic/bigintcalc\bigintcalc
.sty
Package: bigintcalc 2019/12/15 v1.5 Expandable calculations on big integers (HO
)
))
\Fld@menulength=\count310
\Field@Width=\dimen191
\Fld@charsize=\dimen192
Package hyperref Info: Hyper figures OFF on input line 6078.
Package hyperref Info: Link nesting OFF on input line 6083.
Package hyperref Info: Hyper index ON on input line 6086.
Package hyperref Info: backreferencing OFF on input line 6093.
Package hyperref Info: Link coloring OFF on input line 6098.
Package hyperref Info: Link coloring with OCG OFF on input line 6103.
Package hyperref Info: PDF/A mode OFF on input line 6108.
\Hy@abspage=\count311
\c@Item=\count312
\c@Hfootnote=\count313
)
Package hyperref Info: Driver (autodetected): hpdftex.

(C:\Users\Admin\AppData\Local\Programs\MiKTeX\tex/latex/hyperref\hpdftex.def
File: hpdftex.def 2025-07-12 v7.01o Hyperref driver for pdfTeX
\Fld@listcount=\count314
\c@bookmark@seq@number=\count315

(C:\Users\Admin\AppData\Local\Programs\MiKTeX\tex/latex/rerunfilecheck\rerunfil
echeck.sty
Package: rerunfilecheck 2025-06-21 v1.11 Rerun checks for auxiliary files (HO)

(C:\Users\Admin\AppData\Local\Programs\MiKTeX\tex/generic/uniquecounter\uniquec
ounter.sty
Package: uniquecounter 2019/12/15 v1.4 Provide unlimited unique counter (HO)
)
Package uniquecounter Info: New unique counter `rerunfilecheck' on input line 2
84.
)
\Hy@SectionHShift=\skip68
)
(C:\Users\Admin\AppData\Local\Programs\MiKTeX\tex/latex/natbib\natbib.sty
Package: natbib 2010/09/13 8.31b (PWD, AO)
\bibhang=\skip69
\bibsep=\skip70
LaTeX Info: Redefining \cite on input line 694.
\c@NAT@ctr=\count316
)
(C:\Users\Admin\AppData\Local\Programs\MiKTeX\tex/generic/babel\babel.sty
Package: babel 2025/12/11 v25.17 The multilingual framework for LuaLaTeX, pdfLa
TeX and XeLaTeX
\babel@savecnt=\count317
LaTeX Encoding Info:    Redeclaring text command \ij (encoding OT1) on input li
ne 2068.
LaTeX Encoding Info:    Redeclaring text command \IJ (encoding OT1) on input li
ne 2070.
LaTeX Encoding Info:    Redeclaring text command \ij (encoding T1) on input lin
e 2072.
LaTeX Encoding Info:    Redeclaring text command \IJ (encoding T1) on input lin
e 2073.
LaTeX Encoding Info:    Ignoring declaration for text command \ij (encoding ?) 
on input line 2074.
LaTeX Encoding Info:    Ignoring declaration for text command \IJ (encoding ?) 
on input line 2076.
LaTeX Encoding Info:    Ignoring declaration for text command \SS (encoding ?) 
on input line 2101.
\U@D=\dimen193
\l@unhyphenated=\language79

(C:\Users\Admin\AppData\Local\Programs\MiKTeX\tex/generic/babel\txtbabel.def)
\bbl@readstream=\read2
\bbl@dirlevel=\count318
Package babel Info: Configuration files are deprecated, as
(babel)             they can break document portability.
(babel)             Reported on input line 4196.

*************************************
* Local config file bblopts.cfg used
*
(C:\Users\Admin\AppData\Local\Programs\MiKTeX\tex/latex/arabi\bblopts.cfg
File: bblopts.cfg 2005/09/08 v0.1 add Arabic and Farsi to "declared" options of
 babel
)
(C:\Users\Admin\AppData\Local\Programs\MiKTeX\tex/generic/babel/locale/en\babel
-english.tex)
Package babel Info: Importing font and identification data for english
(babel)             from babel-en.ini. Reported on input line 4320.

(C:\Users\Admin\AppData\Local\Programs\MiKTeX\tex/latex/babel-english\english.l
df
Language: english 2017/06/06 v3.3r English support from the babel system
))
Package hyperref Info: Option `colorlinks' set `true' on input line 99.
) (codespace.sty
Package: codespace 

(C:\Users\Admin\AppData\Local\Programs\MiKTeX\tex/latex/xcolor\xcolor.sty
Package: xcolor 2024/09/29 v3.02 LaTeX color extensions (UK)

(C:\Users\Admin\AppData\Local\Programs\MiKTeX\tex/latex/graphics-cfg\color.cfg
File: color.cfg 2016/01/02 v1.6 sample color configuration
)
Package xcolor Info: Driver file: pdftex.def on input line 274.
(C:\Users\Admin\AppData\Local\Programs\MiKTeX\tex/latex/graphics\mathcolor.ltx)
Package xcolor Info: Model `cmy' substituted by `cmy0' on input line 1349.
Package xcolor Info: Model `hsb' substituted by `rgb' on input line 1353.
Package xcolor Info: Model `RGB' extended on input line 1365.
Package xcolor Info: Model `HTML' substituted by `rgb' on input line 1367.
Package xcolor Info: Model `Hsb' substituted by `hsb' on input line 1368.
Package xcolor Info: Model `tHsb' substituted by `hsb' on input line 1369.
Package xcolor Info: Model `HSB' substituted by `hsb' on input line 1370.
Package xcolor Info: Model `Gray' substituted by `gray' on input line 1371.
Package xcolor Info: Model `wave' substituted by `hsb' on input line 1372.
)
(C:\Users\Admin\AppData\Local\Programs\MiKTeX\tex/latex/pgf/frontendlayer\tikz.
sty
(C:\Users\Admin\AppData\Local\Programs\MiKTeX\tex/latex/pgf/basiclayer\pgf.sty
(C:\Users\Admin\AppData\Local\Programs\MiKTeX\tex/latex/pgf/utilities\pgfrcs.st
y
(C:\Users\Admin\AppData\Local\Programs\MiKTeX\tex/generic/pgf/utilities\pgfutil
-common.tex
\pgfutil@everybye=\toks27
\pgfutil@tempdima=\dimen194
\pgfutil@tempdimb=\dimen195
)
(C:\Users\Admin\AppData\Local\Programs\MiKTeX\tex/generic/pgf/utilities\pgfutil
-latex.def
\pgfutil@abb=\box55
)
(C:\Users\Admin\AppData\Local\Programs\MiKTeX\tex/generic/pgf/utilities\pgfrcs.
code.tex
(C:\Users\Admin\AppData\Local\Programs\MiKTeX\tex/generic/pgf\pgf.revision.tex)
Package: pgfrcs 2025-08-29 v3.1.11a (3.1.11a)
))
Package: pgf 2025-08-29 v3.1.11a (3.1.11a)

(C:\Users\Admin\AppData\Local\Programs\MiKTeX\tex/latex/pgf/basiclayer\pgfcore.
sty
(C:\Users\Admin\AppData\Local\Programs\MiKTeX\tex/latex/pgf/systemlayer\pgfsys.
sty
(C:\Users\Admin\AppData\Local\Programs\MiKTeX\tex/generic/pgf/systemlayer\pgfsy
s.code.tex
Package: pgfsys 2025-08-29 v3.1.11a (3.1.11a)

(C:\Users\Admin\AppData\Local\Programs\MiKTeX\tex/generic/pgf/utilities\pgfkeys
.code.tex
\pgfkeys@pathtoks=\toks28
\pgfkeys@temptoks=\toks29

(C:\Users\Admin\AppData\Local\Programs\MiKTeX\tex/generic/pgf/utilities\pgfkeys
libraryfiltered.code.tex
\pgfkeys@tmptoks=\toks30
))
\pgf@x=\dimen196
\pgf@y=\dimen197
\pgf@xa=\dimen198
\pgf@ya=\dimen199
\pgf@xb=\dimen256
\pgf@yb=\dimen257
\pgf@xc=\dimen258
\pgf@yc=\dimen259
\pgf@xd=\dimen260
\pgf@yd=\dimen261
\w@pgf@writea=\write3
\r@pgf@reada=\read3
\c@pgf@counta=\count319
\c@pgf@countb=\count320
\c@pgf@countc=\count321
\c@pgf@countd=\count322
\t@pgf@toka=\toks31
\t@pgf@tokb=\toks32
\t@pgf@tokc=\toks33
\pgf@sys@id@count=\count323

(C:\Users\Admin\AppData\Local\Programs\MiKTeX\tex/generic/pgf/systemlayer\pgf.c
fg
File: pgf.cfg 2025-08-29 v3.1.11a (3.1.11a)
)
Driver file for pgf: pgfsys-pdftex.def

(C:\Users\Admin\AppData\Local\Programs\MiKTeX\tex/generic/pgf/systemlayer\pgfsy
s-pdftex.def
File: pgfsys-pdftex.def 2025-08-29 v3.1.11a (3.1.11a)

(C:\Users\Admin\AppData\Local\Programs\MiKTeX\tex/generic/pgf/systemlayer\pgfsy
s-common-pdf.def
File: pgfsys-common-pdf.def 2025-08-29 v3.1.11a (3.1.11a)
)))
(C:\Users\Admin\AppData\Local\Programs\MiKTeX\tex/generic/pgf/systemlayer\pgfsy
ssoftpath.code.tex
File: pgfsyssoftpath.code.tex 2025-08-29 v3.1.11a (3.1.11a)
\pgfsyssoftpath@smallbuffer@items=\count324
\pgfsyssoftpath@bigbuffer@items=\count325
)
(C:\Users\Admin\AppData\Local\Programs\MiKTeX\tex/generic/pgf/systemlayer\pgfsy
sprotocol.code.tex
File: pgfsysprotocol.code.tex 2025-08-29 v3.1.11a (3.1.11a)
))
(C:\Users\Admin\AppData\Local\Programs\MiKTeX\tex/generic/pgf/basiclayer\pgfcor
e.code.tex
Package: pgfcore 2025-08-29 v3.1.11a (3.1.11a)

(C:\Users\Admin\AppData\Local\Programs\MiKTeX\tex/generic/pgf/math\pgfmath.code
.tex
(C:\Users\Admin\AppData\Local\Programs\MiKTeX\tex/generic/pgf/math\pgfmathutil.
code.tex)
(C:\Users\Admin\AppData\Local\Programs\MiKTeX\tex/generic/pgf/math\pgfmathparse
r.code.tex
\pgfmath@dimen=\dimen262
\pgfmath@count=\count326
\pgfmath@box=\box56
\pgfmath@toks=\toks34
\pgfmath@stack@operand=\toks35
\pgfmath@stack@operation=\toks36
)
(C:\Users\Admin\AppData\Local\Programs\MiKTeX\tex/generic/pgf/math\pgfmathfunct
ions.code.tex)
(C:\Users\Admin\AppData\Local\Programs\MiKTeX\tex/generic/pgf/math\pgfmathfunct
ions.basic.code.tex)
(C:\Users\Admin\AppData\Local\Programs\MiKTeX\tex/generic/pgf/math\pgfmathfunct
ions.trigonometric.code.tex)
(C:\Users\Admin\AppData\Local\Programs\MiKTeX\tex/generic/pgf/math\pgfmathfunct
ions.random.code.tex)
(C:\Users\Admin\AppData\Local\Programs\MiKTeX\tex/generic/pgf/math\pgfmathfunct
ions.comparison.code.tex)
(C:\Users\Admin\AppData\Local\Programs\MiKTeX\tex/generic/pgf/math\pgfmathfunct
ions.base.code.tex)
(C:\Users\Admin\AppData\Local\Programs\MiKTeX\tex/generic/pgf/math\pgfmathfunct
ions.round.code.tex)
(C:\Users\Admin\AppData\Local\Programs\MiKTeX\tex/generic/pgf/math\pgfmathfunct
ions.misc.code.tex)
(C:\Users\Admin\AppData\Local\Programs\MiKTeX\tex/generic/pgf/math\pgfmathfunct
ions.integerarithmetics.code.tex)
(C:\Users\Admin\AppData\Local\Programs\MiKTeX\tex/generic/pgf/math\pgfmathcalc.
code.tex)
(C:\Users\Admin\AppData\Local\Programs\MiKTeX\tex/generic/pgf/math\pgfmathfloat
.code.tex
\c@pgfmathroundto@lastzeros=\count327
))
(C:\Users\Admin\AppData\Local\Programs\MiKTeX\tex/generic/pgf/math\pgfint.code.
tex)
(C:\Users\Admin\AppData\Local\Programs\MiKTeX\tex/generic/pgf/basiclayer\pgfcor
epoints.code.tex
File: pgfcorepoints.code.tex 2025-08-29 v3.1.11a (3.1.11a)
\pgf@picminx=\dimen263
\pgf@picmaxx=\dimen264
\pgf@picminy=\dimen265
\pgf@picmaxy=\dimen266
\pgf@pathminx=\dimen267
\pgf@pathmaxx=\dimen268
\pgf@pathminy=\dimen269
\pgf@pathmaxy=\dimen270
\pgf@xx=\dimen271
\pgf@xy=\dimen272
\pgf@yx=\dimen273
\pgf@yy=\dimen274
\pgf@zx=\dimen275
\pgf@zy=\dimen276
)
(C:\Users\Admin\AppData\Local\Programs\MiKTeX\tex/generic/pgf/basiclayer\pgfcor
epathconstruct.code.tex
File: pgfcorepathconstruct.code.tex 2025-08-29 v3.1.11a (3.1.11a)
\pgf@path@lastx=\dimen277
\pgf@path@lasty=\dimen278
)
(C:\Users\Admin\AppData\Local\Programs\MiKTeX\tex/generic/pgf/basiclayer\pgfcor
epathusage.code.tex
File: pgfcorepathusage.code.tex 2025-08-29 v3.1.11a (3.1.11a)
\pgf@shorten@end@additional=\dimen279
\pgf@shorten@start@additional=\dimen280
)
(C:\Users\Admin\AppData\Local\Programs\MiKTeX\tex/generic/pgf/basiclayer\pgfcor
escopes.code.tex
File: pgfcorescopes.code.tex 2025-08-29 v3.1.11a (3.1.11a)
\pgfpic=\box57
\pgf@hbox=\box58
\pgf@layerbox@main=\box59
\pgf@picture@serial@count=\count328
)
(C:\Users\Admin\AppData\Local\Programs\MiKTeX\tex/generic/pgf/basiclayer\pgfcor
egraphicstate.code.tex
File: pgfcoregraphicstate.code.tex 2025-08-29 v3.1.11a (3.1.11a)
\pgflinewidth=\dimen281
)
(C:\Users\Admin\AppData\Local\Programs\MiKTeX\tex/generic/pgf/basiclayer\pgfcor
etransformations.code.tex
File: pgfcoretransformations.code.tex 2025-08-29 v3.1.11a (3.1.11a)
\pgf@pt@x=\dimen282
\pgf@pt@y=\dimen283
\pgf@pt@temp=\dimen284
)
(C:\Users\Admin\AppData\Local\Programs\MiKTeX\tex/generic/pgf/basiclayer\pgfcor
equick.code.tex
File: pgfcorequick.code.tex 2025-08-29 v3.1.11a (3.1.11a)
)
(C:\Users\Admin\AppData\Local\Programs\MiKTeX\tex/generic/pgf/basiclayer\pgfcor
eobjects.code.tex
File: pgfcoreobjects.code.tex 2025-08-29 v3.1.11a (3.1.11a)
)
(C:\Users\Admin\AppData\Local\Programs\MiKTeX\tex/generic/pgf/basiclayer\pgfcor
epathprocessing.code.tex
File: pgfcorepathprocessing.code.tex 2025-08-29 v3.1.11a (3.1.11a)
)
(C:\Users\Admin\AppData\Local\Programs\MiKTeX\tex/generic/pgf/basiclayer\pgfcor
earrows.code.tex
File: pgfcorearrows.code.tex 2025-08-29 v3.1.11a (3.1.11a)
\pgfarrowsep=\dimen285
)
(C:\Users\Admin\AppData\Local\Programs\MiKTeX\tex/generic/pgf/basiclayer\pgfcor
eshade.code.tex
File: pgfcoreshade.code.tex 2025-08-29 v3.1.11a (3.1.11a)
\pgf@max=\dimen286
\pgf@sys@shading@range@num=\count329
\pgf@shadingcount=\count330
)
(C:\Users\Admin\AppData\Local\Programs\MiKTeX\tex/generic/pgf/basiclayer\pgfcor
eimage.code.tex
File: pgfcoreimage.code.tex 2025-08-29 v3.1.11a (3.1.11a)
)
(C:\Users\Admin\AppData\Local\Programs\MiKTeX\tex/generic/pgf/basiclayer\pgfcor
eexternal.code.tex
File: pgfcoreexternal.code.tex 2025-08-29 v3.1.11a (3.1.11a)
\pgfexternal@startupbox=\box60
)
(C:\Users\Admin\AppData\Local\Programs\MiKTeX\tex/generic/pgf/basiclayer\pgfcor
elayers.code.tex
File: pgfcorelayers.code.tex 2025-08-29 v3.1.11a (3.1.11a)
)
(C:\Users\Admin\AppData\Local\Programs\MiKTeX\tex/generic/pgf/basiclayer\pgfcor
etransparency.code.tex
File: pgfcoretransparency.code.tex 2025-08-29 v3.1.11a (3.1.11a)
)
(C:\Users\Admin\AppData\Local\Programs\MiKTeX\tex/generic/pgf/basiclayer\pgfcor
epatterns.code.tex
File: pgfcorepatterns.code.tex 2025-08-29 v3.1.11a (3.1.11a)
)
(C:\Users\Admin\AppData\Local\Programs\MiKTeX\tex/generic/pgf/basiclayer\pgfcor
erdf.code.tex
File: pgfcorerdf.code.tex 2025-08-29 v3.1.11a (3.1.11a)
)))
(C:\Users\Admin\AppData\Local\Programs\MiKTeX\tex/generic/pgf/modules\pgfmodule
shapes.code.tex
File: pgfmoduleshapes.code.tex 2025-08-29 v3.1.11a (3.1.11a)
\pgfnodeparttextbox=\box61
)
(C:\Users\Admin\AppData\Local\Programs\MiKTeX\tex/generic/pgf/modules\pgfmodule
plot.code.tex
File: pgfmoduleplot.code.tex 2025-08-29 v3.1.11a (3.1.11a)
)
(C:\Users\Admin\AppData\Local\Programs\MiKTeX\tex/latex/pgf/compatibility\pgfco
mp-version-0-65.sty
Package: pgfcomp-version-0-65 2025-08-29 v3.1.11a (3.1.11a)
\pgf@nodesepstart=\dimen287
\pgf@nodesepend=\dimen288
)
(C:\Users\Admin\AppData\Local\Programs\MiKTeX\tex/latex/pgf/compatibility\pgfco
mp-version-1-18.sty
Package: pgfcomp-version-1-18 2025-08-29 v3.1.11a (3.1.11a)
))
(C:\Users\Admin\AppData\Local\Programs\MiKTeX\tex/latex/pgf/utilities\pgffor.st
y
(C:\Users\Admin\AppData\Local\Programs\MiKTeX\tex/latex/pgf/utilities\pgfkeys.s
ty
(C:\Users\Admin\AppData\Local\Programs\MiKTeX\tex/generic/pgf/utilities\pgfkeys
.code.tex))
(C:\Users\Admin\AppData\Local\Programs\MiKTeX\tex/latex/pgf/math\pgfmath.sty
(C:\Users\Admin\AppData\Local\Programs\MiKTeX\tex/generic/pgf/math\pgfmath.code
.tex))
(C:\Users\Admin\AppData\Local\Programs\MiKTeX\tex/generic/pgf/utilities\pgffor.
code.tex
Package: pgffor 2025-08-29 v3.1.11a (3.1.11a)
\pgffor@iter=\dimen289
\pgffor@skip=\dimen290
\pgffor@stack=\toks37
\pgffor@toks=\toks38
))
(C:\Users\Admin\AppData\Local\Programs\MiKTeX\tex/generic/pgf/frontendlayer/tik
z\tikz.code.tex
Package: tikz 2025-08-29 v3.1.11a (3.1.11a)

(C:\Users\Admin\AppData\Local\Programs\MiKTeX\tex/generic/pgf/libraries\pgflibr
aryplothandlers.code.tex
File: pgflibraryplothandlers.code.tex 2025-08-29 v3.1.11a (3.1.11a)
\pgf@plot@mark@count=\count331
\pgfplotmarksize=\dimen291
)
\tikz@lastx=\dimen292
\tikz@lasty=\dimen293
\tikz@lastxsaved=\dimen294
\tikz@lastysaved=\dimen295
\tikz@lastmovetox=\dimen296
\tikz@lastmovetoy=\dimen297
\tikzleveldistance=\dimen298
\tikzsiblingdistance=\dimen299
\tikz@figbox=\box62
\tikz@figbox@bg=\box63
\tikz@tempbox=\box64
\tikz@tempbox@bg=\box65
\tikztreelevel=\count332
\tikznumberofchildren=\count333
\tikznumberofcurrentchild=\count334
\tikz@fig@count=\count335

(C:\Users\Admin\AppData\Local\Programs\MiKTeX\tex/generic/pgf/modules\pgfmodule
matrix.code.tex
File: pgfmodulematrix.code.tex 2025-08-29 v3.1.11a (3.1.11a)
\pgfmatrixcurrentrow=\count336
\pgfmatrixcurrentcolumn=\count337
\pgf@matrix@numberofcolumns=\count338
)
\tikz@expandcount=\count339

(C:\Users\Admin\AppData\Local\Programs\MiKTeX\tex/generic/pgf/frontendlayer/tik
z/libraries\tikzlibrarytopaths.code.tex
File: tikzlibrarytopaths.code.tex 2025-08-29 v3.1.11a (3.1.11a)
)))
(C:\Users\Admin\AppData\Local\Programs\MiKTeX\tex/latex/mdframed\mdframed.sty
Package: mdframed 2013/07/01 1.9b: mdframed

(C:\Users\Admin\AppData\Local\Programs\MiKTeX\tex/latex/l3packages/xparse\xpars
e.sty
(C:\Users\Admin\AppData\Local\Programs\MiKTeX\tex/latex/l3kernel\expl3.sty
Package: expl3 2025-12-24 L3 programming layer (loader) 

(C:\Users\Admin\AppData\Local\Programs\MiKTeX\tex/latex/l3backend\l3backend-pdf
tex.def
File: l3backend-pdftex.def 2025-10-09 L3 backend support: PDF output (pdfTeX)
\l__color_backend_stack_int=\count340
))
Package: xparse 2025-10-09 L3 Experimental document command parser
)
(C:\Users\Admin\AppData\Local\Programs\MiKTeX\tex/latex/zref\zref-abspage.sty
Package: zref-abspage 2026-03-07 v2.37 Module abspage for zref (HO)

(C:\Users\Admin\AppData\Local\Programs\MiKTeX\tex/latex/zref\zref-base.sty
Package: zref-base 2026-03-07 v2.37 Module base for zref (HO)

(C:\Users\Admin\AppData\Local\Programs\MiKTeX\tex/generic/etexcmds\etexcmds.sty
Package: etexcmds 2019/12/15 v1.7 Avoid name clashes with e-TeX commands (HO)
) (C:\Users\Admin\AppData\Local\Programs\MiKTeX\tex/latex/auxhook\auxhook.sty
Package: auxhook 2019-12-17 v1.6 Hooks for auxiliary files (HO)
)
Package zref Info: New property list: main on input line 767.
Package zref Info: New property: default on input line 768.
Package zref Info: New property: page on input line 769.
)
\c@abspage=\count341
Package zref Info: New property: abspage on input line 67.
)
(C:\Users\Admin\AppData\Local\Programs\MiKTeX\tex/latex/needspace\needspace.sty
Package: needspace 2025/03/13 v1.3e reserve vertical space
)
\mdf@templength=\skip71
\c@mdf@globalstyle@cnt=\count342
\mdf@skipabove@length=\skip72
\mdf@skipbelow@length=\skip73
\mdf@leftmargin@length=\skip74
\mdf@rightmargin@length=\skip75
\mdf@innerleftmargin@length=\skip76
\mdf@innerrightmargin@length=\skip77
\mdf@innertopmargin@length=\skip78
\mdf@innerbottommargin@length=\skip79
\mdf@splittopskip@length=\skip80
\mdf@splitbottomskip@length=\skip81
\mdf@outermargin@length=\skip82
\mdf@innermargin@length=\skip83
\mdf@linewidth@length=\skip84
\mdf@innerlinewidth@length=\skip85
\mdf@middlelinewidth@length=\skip86
\mdf@outerlinewidth@length=\skip87
\mdf@roundcorner@length=\skip88
\mdf@footenotedistance@length=\skip89
\mdf@userdefinedwidth@length=\skip90
\mdf@needspace@length=\skip91
\mdf@frametitleaboveskip@length=\skip92
\mdf@frametitlebelowskip@length=\skip93
\mdf@frametitlerulewidth@length=\skip94
\mdf@frametitleleftmargin@length=\skip95
\mdf@frametitlerightmargin@length=\skip96
\mdf@shadowsize@length=\skip97
\mdf@extratopheight@length=\skip98
\mdf@subtitleabovelinewidth@length=\skip99
\mdf@subtitlebelowlinewidth@length=\skip100
\mdf@subtitleaboveskip@length=\skip101
\mdf@subtitlebelowskip@length=\skip102
\mdf@subtitleinneraboveskip@length=\skip103
\mdf@subtitleinnerbelowskip@length=\skip104
\mdf@subsubtitleabovelinewidth@length=\skip105
\mdf@subsubtitlebelowlinewidth@length=\skip106
\mdf@subsubtitleaboveskip@length=\skip107
\mdf@subsubtitlebelowskip@length=\skip108
\mdf@subsubtitleinneraboveskip@length=\skip109
\mdf@subsubtitleinnerbelowskip@length=\skip110

(C:\Users\Admin\AppData\Local\Programs\MiKTeX\tex/latex/mdframed\md-frame-1.mdf
File: md-frame-1.mdf 2013/07/01\ 1.9b: md-frame-1
)
\mdf@frametitlebox=\box66
\mdf@footnotebox=\box67
\mdf@splitbox@one=\box68
\mdf@splitbox@two=\box69
\mdf@splitbox@save=\box70
\mdfsplitboxwidth=\skip111
\mdfsplitboxtotalwidth=\skip112
\mdfsplitboxheight=\skip113
\mdfsplitboxdepth=\skip114
\mdfsplitboxtotalheight=\skip115
\mdfframetitleboxwidth=\skip116
\mdfframetitleboxtotalwidth=\skip117
\mdfframetitleboxheight=\skip118
\mdfframetitleboxdepth=\skip119
\mdfframetitleboxtotalheight=\skip120
\mdffootnoteboxwidth=\skip121
\mdffootnoteboxtotalwidth=\skip122
\mdffootnoteboxheight=\skip123
\mdffootnoteboxdepth=\skip124
\mdffootnoteboxtotalheight=\skip125
\mdftotallinewidth=\skip126
\mdfboundingboxwidth=\skip127
\mdfboundingboxtotalwidth=\skip128
\mdfboundingboxheight=\skip129
\mdfboundingboxdepth=\skip130
\mdfboundingboxtotalheight=\skip131
\mdf@freevspace@length=\skip132
\mdf@horizontalwidthofbox@length=\skip133
\mdf@verticalmarginwhole@length=\skip134
\mdf@horizontalspaceofbox=\skip135
\mdfsubtitleheight=\skip136
\mdfsubsubtitleheight=\skip137
\c@mdfcountframes=\count343

****** mdframed patching \endmdf@trivlist

****** -- success******

\mdf@envdepth=\count344
\c@mdf@env@i=\count345
\c@mdf@env@ii=\count346
\c@mdf@zref@counter=\count347
Package zref Info: New property: mdf@pagevalue on input line 895.
)
(C:\Users\Admin\AppData\Local\Programs\MiKTeX\tex/latex/listings\listings.sty
\lst@mode=\count348
\lst@gtempboxa=\box71
\lst@token=\toks39
\lst@length=\count349
\lst@currlwidth=\dimen300
\lst@column=\count350
\lst@pos=\count351
\lst@lostspace=\dimen301
\lst@width=\dimen302
\lst@newlines=\count352
\lst@lineno=\count353
\lst@maxwidth=\dimen303

(C:\Users\Admin\AppData\Local\Programs\MiKTeX\tex/latex/listings\lstpatch.sty
File: lstpatch.sty 2025/11/14 1.11b (Carsten Heinz)
)
(C:\Users\Admin\AppData\Local\Programs\MiKTeX\tex/latex/listings\lstmisc.sty
File: lstmisc.sty 2025/11/14 1.11b (Carsten Heinz)
\c@lstnumber=\count354
\lst@skipnumbers=\count355
\lst@framebox=\box72
)
(C:\Users\Admin\AppData\Local\Programs\MiKTeX\tex/latex/listings\listings.cfg
File: listings.cfg 2025/11/14 1.11b listings configuration
))
Package: listings 2025/11/14 1.11b (Carsten Heinz)
==> First Aid for listings.sty no longer applied!
    Expected:
        2024/09/23 1.10c (Carsten Heinz)
    but found:
        2025/11/14 1.11b (Carsten Heinz)
    so I'm assuming it got fixed.

(C:\Users\Admin\AppData\Local\Programs\MiKTeX\tex/latex/lstaddons\lstautogobble
.sty
Package: lstautogobble 2012/05/03 v0.1 Implements 'autogobble' option for 'list
ings'
\lstag@spacecount=\count356
))
(C:\Users\Admin\AppData\Local\Programs\MiKTeX\tex/latex/gensymb\gensymb.sty
Package: gensymb 2022/10/17 v1.0.2 (KJH)
)
(C:\Users\Admin\AppData\Local\Programs\MiKTeX\tex/latex/base\textcomp.sty
Package: textcomp 2024/04/24 v2.1b Standard LaTeX package
)
(C:\Users\Admin\AppData\Local\Programs\MiKTeX\tex/latex/tools\array.sty
Package: array 2025/09/25 v2.6n Tabular extension package (FMi)
\col@sep=\dimen304
\ar@mcellbox=\box73
\extrarowheight=\dimen305
\NC@list=\toks40
\extratabsurround=\skip138
\backup@length=\skip139
\ar@cellbox=\box74
)
(C:\Users\Admin\AppData\Local\Programs\MiKTeX\tex/latex/tools\longtable.sty
Package: longtable 2025-10-13 v4.24 Multi-page Table package (DPC)
\LTleft=\skip140
\LTright=\skip141
\LTpre=\skip142
\LTpost=\skip143
\LTchunksize=\count357
\LTcapwidth=\dimen306
\LT@head=\box75
\LT@firsthead=\box76
\LT@foot=\box77
\LT@lastfoot=\box78
\LT@gbox=\box79
\LT@cols=\count358
\LT@rows=\count359
\c@LT@tables=\count360
\c@LT@chunks=\count361
\LT@p@ftn=\toks41
)
(C:\Users\Admin\AppData\Local\Programs\MiKTeX\tex/latex/tools\multicol.sty
Package: multicol 2025/10/21 v2.0b multicolumn formatting (FMi)
\c@tracingmulticols=\count362
\mult@box=\box80
\multicol@leftmargin=\dimen307
\c@unbalance=\count363
\c@collectmore=\count364
\doublecol@number=\count365
\multicoltolerance=\count366
\multicolpretolerance=\count367
\full@width=\dimen308
\page@free=\dimen309
\premulticols=\dimen310
\postmulticols=\dimen311
\multicolsep=\skip144
\multicolbaselineskip=\skip145
\partial@page=\box81
\last@line=\box82
\mc@boxedresult=\box83
\maxbalancingoverflow=\dimen312
\mult@rightbox=\box84
\mult@grightbox=\box85
\mult@firstbox=\box86
\mult@gfirstbox=\box87
\@tempa=\box88
\@tempa=\box89
\@tempa=\box90
\@tempa=\box91
\@tempa=\box92
\@tempa=\box93
\@tempa=\box94
\@tempa=\box95
\@tempa=\box96
\@tempa=\box97
\@tempa=\box98
\@tempa=\box99
\@tempa=\box100
\@tempa=\box101
\@tempa=\box102
\@tempa=\box103
\@tempa=\box104
\@tempa=\box105
\@tempa=\box106
\@tempa=\box107
\@tempa=\box108
\@tempa=\box109
\@tempa=\box110
\@tempa=\box111
\@tempa=\box112
\@tempa=\box113
\@tempa=\box114
\@tempa=\box115
\@tempa=\box116
\@tempa=\box117
\@tempa=\box118
\@tempa=\box119
\@tempa=\box120
\@tempa=\box121
\@tempa=\box122
\@tempa=\box123
\c@minrows=\count368
\c@columnbadness=\count369
\c@finalcolumnbadness=\count370
\last@try=\dimen313
\multicolovershoot=\dimen314
\multicolundershoot=\dimen315
\mult@nat@firstbox=\box124
\colbreak@box=\box125
\mc@col@check@num=\count371
\g__mc_curr_col_int=\count372
)
(C:\Users\Admin\AppData\Local\Programs\MiKTeX\tex/latex/multirow\multirow.sty
Package: multirow 2024/11/12 v2.9 Span multiple rows of a table
\multirow@colwidth=\skip146
\multirow@cntb=\count373
\multirow@dima=\skip147
\bigstrutjot=\dimen316
)
(C:\Users\Admin\AppData\Local\Programs\MiKTeX\tex/latex/siunitx\siunitx.sty
Package: siunitx 2026-04-15 v3.5.4 A comprehensive (SI) units package
\l__siunitx_number_uncert_offset_int=\count374
\l__siunitx_number_exponent_fixed_int=\count375
\l__siunitx_number_min_decimal_int=\count376
\l__siunitx_number_min_integer_int=\count377
\l__siunitx_number_round_precision_int=\count378
\l__siunitx_number_lower_threshold_int=\count379
\l__siunitx_number_upper_threshold_int=\count380
\l__siunitx_number_group_first_int=\count381
\l__siunitx_number_group_size_int=\count382
\l__siunitx_number_group_min_int=\count383
\l__siunitx_number_group_minimum_int=\count384
\l__siunitx_compound_count_int=\count385

(C:\Users\Admin\AppData\Local\Programs\MiKTeX\tex/latex/translations\translatio
ns.sty
Package: translations 2022/02/05 v1.12 internationalization of LaTeX2e packages
 (CN)
)
\l__siunitx_table_tmp_box=\box126
\l__siunitx_table_tmp_dim=\dimen317
\l__siunitx_table_column_width_dim=\dimen318
\l__siunitx_table_integer_box=\box127
\l__siunitx_table_decimal_box=\box128
\l__siunitx_table_uncert_box=\box129
\l__siunitx_table_before_box=\box130
\l__siunitx_table_after_box=\box131
\l__siunitx_table_before_dim=\dimen319
\l__siunitx_table_carry_dim=\dimen320
\l__siunitx_unit_tmp_int=\count386
\l__siunitx_unit_position_int=\count387
\l__siunitx_unit_total_int=\count388
\l__siunitx_sexagesimal_tmp_dim=\dimen321
\l__siunitx_sexagesimal_marker_box=\box132
\l__siunitx_sexagesimal_unit_box=\box133
)
(C:\Users\Admin\AppData\Local\Programs\MiKTeX\tex/latex/tools\tabularx.sty
Package: tabularx 2023/12/11 v2.12a `tabularx' package (DPC)
\TX@col@width=\dimen322
\TX@old@table=\dimen323
\TX@old@col=\dimen324
\TX@target=\dimen325
\TX@delta=\dimen326
\TX@cols=\count389
\TX@ftn=\toks42
)
(C:\Users\Admin\AppData\Local\Programs\MiKTeX\tex/latex/enumitem\enumitem.sty
Package: enumitem 2025/02/06 v3.11 Customized lists
\labelindent=\skip148
\enit@outerparindent=\dimen327
\enit@toks=\toks43
\enit@inbox=\box134
\enit@count@id=\count390
\enitdp@description=\count391
)
(C:\Users\Admin\AppData\Local\Programs\MiKTeX\tex/latex/float\float.sty
Package: float 2001/11/08 v1.3d Float enhancements (AL)
\c@float@type=\count392
\float@exts=\toks44
\float@box=\box135
\@float@everytoks=\toks45
\@floatcapt=\box136
)
(C:\Users\Admin\AppData\Local\Programs\MiKTeX\tex/latex/adjustbox\adjustbox.sty
Package: adjustbox 2025/02/26 v1.3c Adjusting TeX boxes (trim, clip, ...)
(C:\Users\Admin\AppData\Local\Programs\MiKTeX\tex/latex/xkeyval\xkeyval.sty
Package: xkeyval 2022/06/16 v2.9 package option processing (HA)

(C:\Users\Admin\AppData\Local\Programs\MiKTeX\tex/generic/xkeyval\xkeyval.tex
(C:\Users\Admin\AppData\Local\Programs\MiKTeX\tex/generic/xkeyval\xkvutils.tex
\XKV@toks=\toks46
\XKV@tempa@toks=\toks47
)
\XKV@depth=\count393
File: xkeyval.tex 2014/12/03 v2.7a key=value parser (HA)
))
(C:\Users\Admin\AppData\Local\Programs\MiKTeX\tex/latex/adjustbox\adjcalc.sty
Package: adjcalc 2012/05/16 v1.1 Provides advanced setlength with multiple back
-ends (calc, etex, pgfmath)
)
(C:\Users\Admin\AppData\Local\Programs\MiKTeX\tex/latex/adjustbox\trimclip.sty
Package: trimclip 2025/02/21 v1.2a Trim and clip general TeX material

(C:\Users\Admin\AppData\Local\Programs\MiKTeX\tex/latex/collectbox\collectbox.s
ty
Package: collectbox 2022/10/17 v0.4c Collect macro arguments as boxes
\collectedbox=\box137
)
\tc@llx=\dimen328
\tc@lly=\dimen329
\tc@urx=\dimen330
\tc@ury=\dimen331
Package trimclip Info: Using driver 'tc-pdftex.def'.

(C:\Users\Admin\AppData\Local\Programs\MiKTeX\tex/latex/adjustbox\tc-pdftex.def
File: tc-pdftex.def 2025/02/26 v2.3 Clipping driver for pdftex
))
\adjbox@Width=\dimen332
\adjbox@Height=\dimen333
\adjbox@Depth=\dimen334
\adjbox@Totalheight=\dimen335
\adjbox@pwidth=\dimen336
\adjbox@pheight=\dimen337
\adjbox@pdepth=\dimen338
\adjbox@ptotalheight=\dimen339

(C:\Users\Admin\AppData\Local\Programs\MiKTeX\tex/latex/ifoddpage\ifoddpage.sty
Package: ifoddpage 2022/10/18 v1.2 Conditionals for odd/even page detection
\c@checkoddpage=\count394
) (C:\Users\Admin\AppData\Local\Programs\MiKTeX\tex/latex/varwidth\varwidth.sty
Package: varwidth 2009/03/30 ver 0.92;  Variable-width minipages
\@vwid@box=\box138
\sift@deathcycles=\count395
\@vwid@loff=\dimen340
\@vwid@roff=\dimen341
)
==> First Aid for varwidth.sty applied!
) (C:\Users\Admin\AppData\Local\Programs\MiKTeX\tex/latex/cleveref\cleveref.sty
Package: cleveref 2018/03/27 v0.21.4 Intelligent cross-referencing
Package cleveref Info: `hyperref' support loaded on input line 2370.
LaTeX Info: Redefining \cref on input line 2370.
LaTeX Info: Redefining \Cref on input line 2370.
LaTeX Info: Redefining \crefrange on input line 2370.
LaTeX Info: Redefining \Crefrange on input line 2370.
LaTeX Info: Redefining \cpageref on input line 2370.
LaTeX Info: Redefining \Cpageref on input line 2370.
LaTeX Info: Redefining \cpagerefrange on input line 2370.
LaTeX Info: Redefining \Cpagerefrange on input line 2370.
LaTeX Info: Redefining \labelcref on input line 2370.
LaTeX Info: Redefining \labelcpageref on input line 2370.
Package cleveref Info: `listings' support loaded on input line 3131.
Package cleveref Info: include cross-reference names in hyperlinks on input lin
e 7836.
Package cleveref Info: include cross-reference names in hyperlinks on input lin
e 7852.
)
==> First Aid for cleveref.sty applied!
(C:\Users\Admin\AppData\Local\Programs\MiKTeX\tex/latex/mwe\mwe.sty
Package: mwe 2018/03/30 v0.5 Package to support minimal working examples (MWE)

(C:\Users\Admin\AppData\Local\Programs\MiKTeX\tex/latex/lipsum\lipsum.sty
(C:\Users\Admin\AppData\Local\Programs\MiKTeX\tex/latex/l3packages/l3keys2e\l3k
eys2e.sty
Package: l3keys2e 2025-10-09 LaTeX2e option processing using LaTeX3 keys
)
Package: lipsum 2021-09-20 v2.7 150 paragraphs of Lorem Ipsum dummy text
\g__lipsum_par_int=\count396
\l__lipsum_a_int=\count397
\l__lipsum_b_int=\count398

(C:\Users\Admin\AppData\Local\Programs\MiKTeX\tex/latex/lipsum\lipsum.ltd.tex))

(C:\Users\Admin\AppData\Local\Programs\MiKTeX\tex/latex/blindtext\blindtext.sty
Package: blindtext 2012/01/06 V2.0 blindtext-Package
(C:\Users\Admin\AppData\Local\Programs\MiKTeX\tex/latex/tools\xspace.sty
Package: xspace 2014/10/28 v1.13 Space after command names (DPC,MH)
)
\c@blindtext=\count399
\c@Blindtext=\count400
\c@blind@countparstart=\count401
\blind@countxx=\count402
\blindtext@numBlindtext=\count403
\blind@countyy=\count404
\c@blindlist=\count405
\c@blindlistlevel=\count406
\c@blindlist@level=\count407
\blind@listitem=\count408
\c@blind@listcount=\count409
\c@blind@levelcount=\count410
\blind@mathformula=\count411
\blind@Mathformula=\count412
\c@blind@randomcount=\count413
\c@blind@randommax=\count414
\c@blind@pangramcount=\count415
\c@blind@pangrammax=\count416
))
(report.aux)
\openout1 = `report.aux'.

LaTeX Font Info:    Checking defaults for OML/cmm/m/it on input line 51.
LaTeX Font Info:    ... okay on input line 51.
LaTeX Font Info:    Checking defaults for OMS/cmsy/m/n on input line 51.
LaTeX Font Info:    ... okay on input line 51.
LaTeX Font Info:    Checking defaults for OT1/cmr/m/n on input line 51.
LaTeX Font Info:    ... okay on input line 51.
LaTeX Font Info:    Checking defaults for T1/cmr/m/n on input line 51.
LaTeX Font Info:    ... okay on input line 51.
LaTeX Font Info:    Checking defaults for TS1/cmr/m/n on input line 51.
LaTeX Font Info:    ... okay on input line 51.
LaTeX Font Info:    Checking defaults for OMX/cmex/m/n on input line 51.
LaTeX Font Info:    ... okay on input line 51.
LaTeX Font Info:    Checking defaults for U/cmr/m/n on input line 51.
LaTeX Font Info:    ... okay on input line 51.
LaTeX Font Info:    Checking defaults for T5/cmr/m/n on input line 51.
LaTeX Font Info:    ... okay on input line 51.
LaTeX Font Info:    Checking defaults for PD1/pdf/m/n on input line 51.
LaTeX Font Info:    ... okay on input line 51.
LaTeX Font Info:    Checking defaults for PU/pdf/m/n on input line 51.
LaTeX Font Info:    ... okay on input line 51.

*geometry* driver: auto-detecting
*geometry* detected driver: pdftex
*geometry* verbose mode - [ preamble ] result:
* driver: pdftex
* paper: a4paper
* layout: <same size as paper>
* layoutoffset:(h,v)=(0.0pt,0.0pt)
* modes: includehead includefoot twoside 
* h-part:(L,W,R)=(85.35826pt, 455.24411pt, 56.9055pt)
* v-part:(T,H,B)=(56.9055pt, 731.23584pt, 56.9055pt)
* \paperwidth=597.50787pt
* \paperheight=845.04684pt
* \textwidth=455.24411pt
* \textheight=641.23584pt
* \oddsidemargin=13.08827pt
* \evensidemargin=-15.36449pt
* \topmargin=-15.36449pt
* \headheight=35.0pt
* \headsep=25.0pt
* \topskip=12.0pt
* \footskip=30.0pt
* \marginparwidth=85.0pt
* \marginparsep=10.0pt
* \columnsep=10.0pt
* \skip\footins=10.8pt plus 4.0pt minus 2.0pt
* \hoffset=0.0pt
* \voffset=0.0pt
* \mag=1000
* \@twocolumnfalse
* \@twosidetrue
* \@mparswitchtrue
* \@reversemarginfalse
* (1in=72.27pt=25.4mm, 1cm=28.453pt)


(C:\Users\Admin\AppData\Local\Programs\MiKTeX\tex/context/base/mkii\supp-pdf.mk
ii
[Loading MPS to PDF converter (version 2006.09.02).]
\scratchcounter=\count417
\scratchdimen=\dimen342
\scratchbox=\box139
\nofMPsegments=\count418
\nofMParguments=\count419
\everyMPshowfont=\toks48
\MPscratchCnt=\count420
\MPscratchDim=\dimen343
\MPnumerator=\count421
\makeMPintoPDFobject=\count422
\everyMPtoPDFconversion=\toks49
)
(C:\Users\Admin\AppData\Local\Programs\MiKTeX\tex/latex/epstopdf-pkg\epstopdf-b
ase.sty
Package: epstopdf-base 2020-01-24 v2.11 Base part for package epstopdf
Package epstopdf-base Info: Redefining graphics rule for `.eps' on input line 4
85.

(C:\Users\Admin\AppData\Local\Programs\MiKTeX\tex/latex/00miktex\epstopdf-sys.c
fg
File: epstopdf-sys.cfg 2021/03/18 v2.0 Configuration of epstopdf for MiKTeX
))
Package caption Info: Begin \AtBeginDocument code.
Package caption Info: float package is loaded.
Package caption Info: hyperref package is loaded.
Package caption Info: listings package is loaded.
Package caption Info: longtable package is loaded.

(C:\Users\Admin\AppData\Local\Programs\MiKTeX\tex/latex/caption\ltcaption.sty
Package: ltcaption 2021/01/08 v1.4c longtable captions (AR)
)
Package caption Info: End \AtBeginDocument code.
Package hyperref Info: Link coloring ON on input line 51.

(report.out) (report.out)
\@outlinefile=\write4
\openout4 = `report.out'.

\c@lstlisting=\count423
\symgns@font=\mathgroup6
LaTeX Font Info:    Overwriting symbol font `gns@font' in version `bold'
(Font)                  TS1/cmr/m/n --> TS1/cmr/b/n on input line 51.
Package gensymb Info: Math companion symbols declared on input line 51.
LaTeX Info: Redefining \degree on input line 51.
LaTeX Info: Redefining \celsius on input line 51.
Package gensymb Info: Using text companion symbols for \degree, \celsius and \p
erthousand on input line 51.
LaTeX Info: Redefining \ohm on input line 51.
Package gensymb Info: Using \textohm for \ohm on input line 51.
Package gensymb Info: Using \textmu for \micro on input line 51.

(C:\Users\Admin\AppData\Local\Programs\MiKTeX\tex/latex/translations/dicts\tran
slations-basic-dictionary-english.trsl
File: translations-basic-dictionary-english.trsl (english translation file `tra
nslations-basic-dictionary')
)
Package translations Info: loading dictionary `translations-basic-dictionary' f
or `english'. on input line 51.
<graphics/hcmut.png, id=762, 291.0072pt x 293.898pt>
File: graphics/hcmut.png Graphic file (type png)
<use graphics/hcmut.png>
Package pdftex.def Info: graphics/hcmut.png  used on input line 53.
(pdftex.def)             Requested size: 116.4008pt x 117.5571pt.
LaTeX Font Info:    Trying to load font information for U+msa on input line 53.


(C:\Users\Admin\AppData\Local\Programs\MiKTeX\tex/latex/amsfonts\umsa.fd
File: umsa.fd 2013/01/14 v3.01 AMS symbols A
)
LaTeX Font Info:    Trying to load font information for U+msb on input line 53.


(C:\Users\Admin\AppData\Local\Programs\MiKTeX\tex/latex/amsfonts\umsb.fd
File: umsb.fd 2013/01/14 v3.01 AMS symbols B
)
[1

{C:/Users/Admin/AppData/Local/MiKTeX/fonts/map/pdftex/pdftex.map} <./graphics/h
cmut.png>] [2

] (report.toc [1] [2] [3] [4] [5])
\tf@toc=\write5
\openout5 = `report.toc'.

 (report.lof)
\tf@lof=\write6
\openout6 = `report.lof'.

 (report.lot)
\tf@lot=\write7
\openout7 = `report.lot'.


(report.lol)
\tf@lol=\write8
\openout8 = `report.lol'.

 [6] [7] (chapters/01_introduction.tex
LaTeX Font Info:    Trying to load font information for T5+cmtt on input line 2
8.

(C:\Users\Admin\AppData\Local\Programs\MiKTeX\tex/latex/vntex\t5cmtt.fd
File: t5cmtt.fd 1999/05/25 v2.5h Standard LaTeX font definitions
)
LaTeX Font Info:    Font shape `T5/cmtt/bx/n' in size <12> not available
(Font)              Font shape `T5/cmtt/m/n' tried instead on input line 28.
File: graphics/hcmut.png Graphic file (type png)
<use graphics/hcmut.png>
Package pdftex.def Info: graphics/hcmut.png  used on input line 28.
(pdftex.def)             Requested size: 20.0pt x 20.19826pt.

pdfTeX warning (ext4): destination with the same identifier (name{page.1}) has 
been already used, duplicate ignored
<to be read again> 
                   \relax 
l.28     \item \textbf
                      {Array Indexing}: TĂ­nh toĂˇn offset máşŁng 2D Ä‘Ć°á»Ł...
[1

]) (chapters/02_requirement_analysis.tex
File: graphics/hcmut.png Graphic file (type png)
<use graphics/hcmut.png>
Package pdftex.def Info: graphics/hcmut.png  used on input line 11.
(pdftex.def)             Requested size: 20.0pt x 20.19826pt.

pdfTeX warning (ext4): destination with the same identifier (name{page.2}) has 
been already used, duplicate ignored
<to be read again> 
                   \relax 
l.11         \item 3
                     tĂ u dĂ i 2 Ă´ [2]
File: graphics/hcmut.png Graphic file (type png)
<use graphics/hcmut.png>
Package pdftex.def Info: graphics/hcmut.png  used on input line 35.
(pdftex.def)             Requested size: 20.0pt x 20.19826pt.
 [3]
File: graphics/hcmut.png Graphic file (type png)
<use graphics/hcmut.png>
Package pdftex.def Info: graphics/hcmut.png  used on input line 66.
(pdftex.def)             Requested size: 20.0pt x 20.19826pt.
 [4])
(chapters/03_program_design_overview.tex
File: graphics/hcmut.png Graphic file (type png)
<use graphics/hcmut.png>
Package pdftex.def Info: graphics/hcmut.png  used on input line 30.
(pdftex.def)             Requested size: 20.0pt x 20.19826pt.
 [5]
File: graphics/hcmut.png Graphic file (type png)
<use graphics/hcmut.png>
Package pdftex.def Info: graphics/hcmut.png  used on input line 78.
(pdftex.def)             Requested size: 20.0pt x 20.19826pt.
 [6]
Overfull \hbox (44.80878pt too wide) in paragraph at lines 78--78
[]         \T5/cmtt/m/n/12 |                                          +--> Play
er 2/Computer Attack[] 
 []


Overfull \hbox (1.59433pt too wide) in paragraph at lines 78--78
[]         \T5/cmtt/m/n/12 |                                          +---> Rep
eat until WIN[] 
 []


Overfull \hbox (26.2883pt too wide) in paragraph at lines 78--78
[]         \T5/cmtt/m/n/12 |                                               +---
> ANNOUNCE WINNER[] 
 []


Overfull \hbox (32.46179pt too wide) in paragraph at lines 78--78
[]         \T5/cmtt/m/n/12 +---> Choose Instructions                           
+---> Back to MENU[] 
 []

File: graphics/hcmut.png Graphic file (type png)
<use graphics/hcmut.png>
Package pdftex.def Info: graphics/hcmut.png  used on input line 94.
(pdftex.def)             Requested size: 20.0pt x 20.19826pt.
[7]) (chapters/04_data_representation.tex
File: graphics/hcmut.png Graphic file (type png)
<use graphics/hcmut.png>
Package pdftex.def Info: graphics/hcmut.png  used on input line 7.
(pdftex.def)             Requested size: 20.0pt x 20.19826pt.
 [8]
File: graphics/hcmut.png Graphic file (type png)
<use graphics/hcmut.png>
Package pdftex.def Info: graphics/hcmut.png  used on input line 52.
(pdftex.def)             Requested size: 20.0pt x 20.19826pt.
 [9]
File: graphics/hcmut.png Graphic file (type png)
<use graphics/hcmut.png>
Package pdftex.def Info: graphics/hcmut.png  used on input line 107.
(pdftex.def)             Requested size: 20.0pt x 20.19826pt.
 [10]
File: graphics/hcmut.png Graphic file (type png)
<use graphics/hcmut.png>
Package pdftex.def Info: graphics/hcmut.png  used on input line 141.
(pdftex.def)             Requested size: 20.0pt x 20.19826pt.
 [11])
(chapters/05_setup_phase_algorithm.tex
File: graphics/hcmut.png Graphic file (type png)
<use graphics/hcmut.png>
Package pdftex.def Info: graphics/hcmut.png  used on input line 46.
(pdftex.def)             Requested size: 20.0pt x 20.19826pt.
 [12]
File: graphics/hcmut.png Graphic file (type png)
<use graphics/hcmut.png>
Package pdftex.def Info: graphics/hcmut.png  used on input line 69.
(pdftex.def)             Requested size: 20.0pt x 20.19826pt.
 [13]
File: graphics/hcmut.png Graphic file (type png)
<use graphics/hcmut.png>
Package pdftex.def Info: graphics/hcmut.png  used on input line 122.
(pdftex.def)             Requested size: 20.0pt x 20.19826pt.
 [14]
File: graphics/hcmut.png Graphic file (type png)
<use graphics/hcmut.png>
Package pdftex.def Info: graphics/hcmut.png  used on input line 161.
(pdftex.def)             Requested size: 20.0pt x 20.19826pt.
 [15]
File: graphics/hcmut.png Graphic file (type png)
<use graphics/hcmut.png>
Package pdftex.def Info: graphics/hcmut.png  used on input line 197.
(pdftex.def)             Requested size: 20.0pt x 20.19826pt.
 [16])
(chapters/06_battle_phase_algorithm.tex
Overfull \hbox (10.46848pt too wide) in paragraph at lines 209--1
[]\T5/cmr/m/n/12 Tuy nhi¶n, n¸u cˇc kişm tra ^^_÷ńc thüc hi»n ^^_óng třng b÷îc 
trong read_and_place_ship,
 []

File: graphics/hcmut.png Graphic file (type png)
<use graphics/hcmut.png>
Package pdftex.def Info: graphics/hcmut.png  used on input line 59.
(pdftex.def)             Requested size: 20.0pt x 20.19826pt.
[17]
File: graphics/hcmut.png Graphic file (type png)
<use graphics/hcmut.png>
Package pdftex.def Info: graphics/hcmut.png  used on input line 59.
(pdftex.def)             Requested size: 20.0pt x 20.19826pt.
 [18]
File: graphics/hcmut.png Graphic file (type png)
<use graphics/hcmut.png>
Package pdftex.def Info: graphics/hcmut.png  used on input line 104.
(pdftex.def)             Requested size: 20.0pt x 20.19826pt.
 [19]
File: graphics/hcmut.png Graphic file (type png)
<use graphics/hcmut.png>
Package pdftex.def Info: graphics/hcmut.png  used on input line 141.
(pdftex.def)             Requested size: 20.0pt x 20.19826pt.
 [20]
File: graphics/hcmut.png Graphic file (type png)
<use graphics/hcmut.png>
Package pdftex.def Info: graphics/hcmut.png  used on input line 183.
(pdftex.def)             Requested size: 20.0pt x 20.19826pt.
 [21]
File: graphics/hcmut.png Graphic file (type png)
<use graphics/hcmut.png>
Package pdftex.def Info: graphics/hcmut.png  used on input line 218.
(pdftex.def)             Requested size: 20.0pt x 20.19826pt.
 [22]) (chapters/07_one_player_mode.tex
File: graphics/hcmut.png Graphic file (type png)
<use graphics/hcmut.png>
Package pdftex.def Info: graphics/hcmut.png  used on input line 37.
(pdftex.def)             Requested size: 20.0pt x 20.19826pt.
 [23]
File: graphics/hcmut.png Graphic file (type png)
<use graphics/hcmut.png>
Package pdftex.def Info: graphics/hcmut.png  used on input line 98.
(pdftex.def)             Requested size: 20.0pt x 20.19826pt.
 [24]
File: graphics/hcmut.png Graphic file (type png)
<use graphics/hcmut.png>
Package pdftex.def Info: graphics/hcmut.png  used on input line 109.
(pdftex.def)             Requested size: 20.0pt x 20.19826pt.

[25]
File: graphics/hcmut.png Graphic file (type png)
<use graphics/hcmut.png>
Package pdftex.def Info: graphics/hcmut.png  used on input line 154.
(pdftex.def)             Requested size: 20.0pt x 20.19826pt.
 [26]) (chapters/08_input_parsing_validation.tex
File: graphics/hcmut.png Graphic file (type png)
<use graphics/hcmut.png>
Package pdftex.def Info: graphics/hcmut.png  used on input line 18.
(pdftex.def)             Requested size: 20.0pt x 20.19826pt.
 [27]
File: graphics/hcmut.png Graphic file (type png)
<use graphics/hcmut.png>
Package pdftex.def Info: graphics/hcmut.png  used on input line 80.
(pdftex.def)             Requested size: 20.0pt x 20.19826pt.
 [28]
File: graphics/hcmut.png Graphic file (type png)
<use graphics/hcmut.png>
Package pdftex.def Info: graphics/hcmut.png  used on input line 92.
(pdftex.def)             Requested size: 20.0pt x 20.19826pt.
 [29]
File: graphics/hcmut.png Graphic file (type png)
<use graphics/hcmut.png>
Package pdftex.def Info: graphics/hcmut.png  used on input line 165.
(pdftex.def)             Requested size: 20.0pt x 20.19826pt.
 [30]
File: graphics/hcmut.png Graphic file (type png)
<use graphics/hcmut.png>
Package pdftex.def Info: graphics/hcmut.png  used on input line 165.
(pdftex.def)             Requested size: 20.0pt x 20.19826pt.

[31]
File: graphics/hcmut.png Graphic file (type png)
<use graphics/hcmut.png>
Package pdftex.def Info: graphics/hcmut.png  used on input line 200.
(pdftex.def)             Requested size: 20.0pt x 20.19826pt.
 [32]
File: graphics/hcmut.png Graphic file (type png)
<use graphics/hcmut.png>
Package pdftex.def Info: graphics/hcmut.png  used on input line 240.
(pdftex.def)             Requested size: 20.0pt x 20.19826pt.
 [33]) (chapters/09_procedure_organization.tex
File: graphics/hcmut.png Graphic file (type png)
<use graphics/hcmut.png>
Package pdftex.def Info: graphics/hcmut.png  used on input line 35.
(pdftex.def)             Requested size: 20.0pt x 20.19826pt.
 [34]
File: graphics/hcmut.png Graphic file (type png)
<use graphics/hcmut.png>
Package pdftex.def Info: graphics/hcmut.png  used on input line 77.
(pdftex.def)             Requested size: 20.0pt x 20.19826pt.
 [35]
File: graphics/hcmut.png Graphic file (type png)
<use graphics/hcmut.png>
Package pdftex.def Info: graphics/hcmut.png  used on input line 124.
(pdftex.def)             Requested size: 20.0pt x 20.19826pt.
 [36]
Overfull \hbox (55.32376pt too wide) in paragraph at lines 132--151
 [][] 
 []

File: graphics/hcmut.png Graphic file (type png)
<use graphics/hcmut.png>
Package pdftex.def Info: graphics/hcmut.png  used on input line 179.
(pdftex.def)             Requested size: 20.0pt x 20.19826pt.
[37]
File: graphics/hcmut.png Graphic file (type png)
<use graphics/hcmut.png>
Package pdftex.def Info: graphics/hcmut.png  used on input line 229.
(pdftex.def)             Requested size: 20.0pt x 20.19826pt.
 [38]
File: graphics/hcmut.png Graphic file (type png)
<use graphics/hcmut.png>
Package pdftex.def Info: graphics/hcmut.png  used on input line 291.
(pdftex.def)             Requested size: 20.0pt x 20.19826pt.
 [39]) (chapters/10_user_interface_design.tex
File: graphics/hcmut.png Graphic file (type png)
<use graphics/hcmut.png>
Package pdftex.def Info: graphics/hcmut.png  used on input line 18.
(pdftex.def)             Requested size: 20.0pt x 20.19826pt.
 [40]
File: graphics/hcmut.png Graphic file (type png)
<use graphics/hcmut.png>
Package pdftex.def Info: graphics/hcmut.png  used on input line 75.
(pdftex.def)             Requested size: 20.0pt x 20.19826pt.
 [41]
File: graphics/hcmut.png Graphic file (type png)
<use graphics/hcmut.png>
Package pdftex.def Info: graphics/hcmut.png  used on input line 105.
(pdftex.def)             Requested size: 20.0pt x 20.19826pt.
 [42]
File: graphics/hcmut.png Graphic file (type png)
<use graphics/hcmut.png>
Package pdftex.def Info: graphics/hcmut.png  used on input line 155.
(pdftex.def)             Requested size: 20.0pt x 20.19826pt.
 [43]
File: graphics/hcmut.png Graphic file (type png)
<use graphics/hcmut.png>
Package pdftex.def Info: graphics/hcmut.png  used on input line 190.
(pdftex.def)             Requested size: 20.0pt x 20.19826pt.

[44]
File: graphics/hcmut.png Graphic file (type png)
<use graphics/hcmut.png>
Package pdftex.def Info: graphics/hcmut.png  used on input line 239.
(pdftex.def)             Requested size: 20.0pt x 20.19826pt.
 [45]
File: graphics/hcmut.png Graphic file (type png)
<use graphics/hcmut.png>
Package pdftex.def Info: graphics/hcmut.png  used on input line 286.
(pdftex.def)             Requested size: 20.0pt x 20.19826pt.
 [46]) (chapters/11_testing_plan.tex
File: graphics/hcmut.png Graphic file (type png)
<use graphics/hcmut.png>
Package pdftex.def Info: graphics/hcmut.png  used on input line 19.
(pdftex.def)             Requested size: 20.0pt x 20.19826pt.
 [47]
Underfull \hbox (badness 1242) in paragraph at lines 37--37
[]|\T5/cmr/bx/n/12 Expected Re-
 []


Underfull \hbox (badness 10000) in paragraph at lines 49--49
[]|\T5/cmr/m/n/12 Go to game
 []


Underfull \hbox (badness 10000) in paragraph at lines 49--50
[]|\T5/cmr/m/n/12 Verify main
 []


Underfull \hbox (badness 10000) in paragraph at lines 52--52
[]|\T5/cmr/m/n/12 Game Mode:
 []


Underfull \hbox (badness 1320) in paragraph at lines 52--52
\T5/cmr/m/n/12 Choose 1 (One
 []


Underfull \hbox (badness 2671) in paragraph at lines 52--52
[]|\T5/cmr/m/n/12 Player 1 setup
 []


Underfull \hbox (badness 10000) in paragraph at lines 52--53
[]|\T5/cmr/m/n/12 Verify One
 []


Underfull \hbox (badness 10000) in paragraph at lines 52--53
\T5/cmr/m/n/12 Player mode
 []


Underfull \hbox (badness 10000) in paragraph at lines 55--55
[]|\T5/cmr/m/n/12 Game Mode:
 []


Underfull \hbox (badness 1062) in paragraph at lines 55--55
\T5/cmr/m/n/12 Choose 2 (Two
 []


Underfull \hbox (badness 2671) in paragraph at lines 55--55
[]|\T5/cmr/m/n/12 Player 1 setup
 []


Underfull \hbox (badness 10000) in paragraph at lines 55--56
[]|\T5/cmr/m/n/12 Verify Two
 []


Underfull \hbox (badness 10000) in paragraph at lines 55--56
\T5/cmr/m/n/12 Play-ers mode
 []


Underfull \hbox (badness 10000) in paragraph at lines 58--58
[]|\T5/cmr/m/n/12 Display help
 []


Underfull \hbox (badness 10000) in paragraph at lines 58--59
[]|\T5/cmr/m/n/12 Verify in-struc-
 []


Underfull \hbox (badness 10000) in paragraph at lines 70--70
[]|\T5/cmr/m/n/12 Place ver-ti-cal
 []


Underfull \hbox (badness 10000) in paragraph at lines 70--71
[]|\T5/cmr/m/n/12 Valid ver-ti-cal
 []


Underfull \hbox (badness 1701) in paragraph at lines 82--82
[]|\T5/cmr/m/n/12 Place ship: "-1
 []


Underfull \hbox (badness 4556) in paragraph at lines 85--85
[]|\T5/cmr/m/n/12 Place ship: "7
 []


Underfull \hbox (badness 4556) in paragraph at lines 88--88
[]|\T5/cmr/m/n/12 Place ship: "0
 []


Underfull \hbox (badness 1418) in paragraph at lines 88--88
\T5/cmr/m/n/12 0 2 1" (di-ag-o-
 []


Underfull \hbox (badness 10000) in paragraph at lines 88--89
[]|\T5/cmr/m/n/12 Invalid shape
 []


Underfull \hbox (badness 10000) in paragraph at lines 88--89
\T5/cmr/m/n/12 (not hor-i-zon-
 []


Underfull \hbox (badness 10000) in paragraph at lines 91--92
[]|\T5/cmr/m/n/12 Length mis-
 []


Underfull \hbox (badness 5578) in paragraph at lines 94--94
[]|\T5/cmr/m/n/12 Reject ship 2,
 []


Underfull \hbox (badness 10000) in paragraph at lines 94--95
[]|\T5/cmr/m/n/12 Overlapping
 []


Underfull \hbox (badness 10000) in paragraph at lines 97--97
[]|\T5/cmr/m/n/12 Invalid in-put:
 []


Underfull \hbox (badness 10000) in paragraph at lines 97--98
[]|\T5/cmr/m/n/12 Invalid in-put
 []


Underfull \hbox (badness 10000) in paragraph at lines 100--101
[]|\T5/cmr/m/n/12 Incomplete
 []


Underfull \hbox (badness 10000) in paragraph at lines 106--106
[]|\T5/cmr/m/n/12 Attack empty
 []


Underfull \hbox (badness 10000) in paragraph at lines 106--106
\T5/cmr/m/n/12 cell: "1 1"
 []


Underfull \hbox (badness 4403) in paragraph at lines 106--106
\T5/cmr/m/n/12 (board has no
 []


Underfull \hbox (badness 10000) in paragraph at lines 106--106
[]|\T5/cmr/m/n/12 Display
 []


Underfull \hbox (badness 10000) in paragraph at lines 109--109
[]|\T5/cmr/m/n/12 Display
 []


Underfull \hbox (badness 2980) in paragraph at lines 109--109
\T5/cmr/m/n/12 "HIT!", up-date
 []


Underfull \hbox (badness 10000) in paragraph at lines 112--112
[]|\T5/cmr/m/n/12 Attack bound-
 []


Underfull \hbox (badness 10000) in paragraph at lines 112--112
[]|\T5/cmr/m/n/12 Depends on
 []


Underfull \hbox (badness 2521) in paragraph at lines 112--113
[]|\T5/cmr/m/n/12 Valid bound-ary
 []


Underfull \hbox (badness 3068) in paragraph at lines 118--118
[]|\T5/cmr/m/n/12 Attack: "-1 0"
 []


Underfull \hbox (badness 7047) in paragraph at lines 121--121
[]|\T5/cmr/m/n/12 Attack: "7 5"
 []


Underfull \hbox (badness 10000) in paragraph at lines 124--124
\T5/cmr/m/n/12 twice: "2 3",
 []


Underfull \hbox (badness 10000) in paragraph at lines 124--124
[]|\T5/cmr/m/n/12 Second at-tack
 []


Underfull \hbox (badness 10000) in paragraph at lines 124--125
[]|\T5/cmr/m/n/12 Prevent re-
 []


Underfull \hbox (badness 10000) in paragraph at lines 127--127
[]|\T5/cmr/m/n/12 Invalid in-put:
 []


Underfull \hbox (badness 10000) in paragraph at lines 127--127
\T5/cmr/m/n/12 "a b" (non-
 []


Underfull \hbox (badness 10000) in paragraph at lines 130--130
[]|\T5/cmr/m/n/12 Invalid in-put:
 []


Underfull \hbox (badness 10000) in paragraph at lines 130--130
\T5/cmr/m/n/12 "2" (only 1
 []


Underfull \hbox (badness 10000) in paragraph at lines 130--131
[]|\T5/cmr/m/n/12 Incomplete
 []


Underfull \hbox (badness 1681) in paragraph at lines 136--136
[]|\T5/cmr/m/n/12 Complete setup
 []


Underfull \hbox (badness 10000) in paragraph at lines 136--136
[]|\T5/cmr/m/n/12 Both play-ers'
 []


Underfull \hbox (badness 10000) in paragraph at lines 136--136
\T5/cmr/m/n/12 boards dis-play
 []


Underfull \hbox (badness 1253) in paragraph at lines 139--139
[]|\T5/cmr/m/n/12 Destroy all op-
 []


Underfull \hbox (badness 10000) in paragraph at lines 139--139
[]|\T5/cmr/m/n/12 Display
 []


Underfull \hbox (badness 10000) in paragraph at lines 139--139
\T5/cmr/m/n/12 "PLAYER
 []


Underfull \hbox (badness 10000) in paragraph at lines 142--142
[]|\T5/cmr/m/n/12 Two Play-ers
 []


Underfull \hbox (badness 10000) in paragraph at lines 142--142
\T5/cmr/m/n/12 mode: Af-ter
 []


Underfull \hbox (badness 4303) in paragraph at lines 142--142
\T5/cmr/m/n/12 Player 1 turn,
 []


Underfull \hbox (badness 10000) in paragraph at lines 142--142
\T5/cmr/m/n/12 dis-play pause
 []


Underfull \hbox (badness 1622) in paragraph at lines 142--142
[]|\T5/cmr/m/n/12 Display "Please
 []


Underfull \hbox (badness 10000) in paragraph at lines 145--145
[]|\T5/cmr/m/n/12 One Player
 []


Underfull \hbox (badness 10000) in paragraph at lines 145--145
\T5/cmr/m/n/12 mode: Com-
 []


Underfull \hbox (badness 10000) in paragraph at lines 145--145
\T5/cmr/m/n/12 puter at-tacks
 []


Underfull \hbox (badness 10000) in paragraph at lines 145--145
[]|\T5/cmr/m/n/12 Computer se-
 []


Underfull \hbox (badness 1622) in paragraph at lines 145--145
\T5/cmr/m/n/12 lects valid cell,
 []


Underfull \hbox (badness 10000) in paragraph at lines 145--146
[]|\T5/cmr/m/n/12 Computer AI
 []


Underfull \hbox (badness 10000) in paragraph at lines 148--148
[]|\T5/cmr/m/n/12 One Player
 []


Underfull \hbox (badness 10000) in paragraph at lines 148--148
\T5/cmr/m/n/12 mode: De-stroy
 []


Underfull \hbox (badness 10000) in paragraph at lines 148--148
\T5/cmr/m/n/12 all Com-puter's
 []


Underfull \hbox (badness 10000) in paragraph at lines 148--148
[]|\T5/cmr/m/n/12 Display
 []


Underfull \hbox (badness 10000) in paragraph at lines 148--148
\T5/cmr/m/n/12 "PLAYER 1
 []


Underfull \hbox (badness 10000) in paragraph at lines 151--151
[]|\T5/cmr/m/n/12 One Player
 []


Underfull \hbox (badness 10000) in paragraph at lines 151--151
\T5/cmr/m/n/12 mode: All
 []


Underfull \hbox (badness 4181) in paragraph at lines 151--151
\T5/cmr/m/n/12 Player 1 ships
 []


Underfull \hbox (badness 1527) in paragraph at lines 151--151
[]|\T5/cmr/m/n/12 Display "COM-
 []


Underfull \hbox (badness 10000) in paragraph at lines 151--152
[]|\T5/cmr/m/n/12 Computer can
 []


Underfull \hbox (badness 10000) in paragraph at lines 157--157
[]|\T5/cmr/m/n/12 After each
 []


Underfull \hbox (badness 10000) in paragraph at lines 157--157
\T5/cmr/m/n/12 suc-cess-ful
 []


Underfull \hbox (badness 10000) in paragraph at lines 157--157
\T5/cmr/m/n/12 place-ment,
 []


Underfull \hbox (badness 10000) in paragraph at lines 157--157
\T5/cmr/m/n/12 board[index]=1
 []


Underfull \hbox (badness 10000) in paragraph at lines 157--157
[]|\T5/cmr/m/n/12 Board up-dates
 []


Underfull \hbox (badness 10000) in paragraph at lines 157--158
[]|\T5/cmr/m/n/12 Board state
 []


Underfull \hbox (badness 10000) in paragraph at lines 160--160
[]|\T5/cmr/m/n/12 After hit,
 []


Underfull \hbox (badness 10000) in paragraph at lines 160--160
\T5/cmr/m/n/12 op-po-nent
 []


Underfull \hbox (badness 10000) in paragraph at lines 160--160
\T5/cmr/m/n/12 board[index]=0
 []


Underfull \hbox (badness 10000) in paragraph at lines 160--160
[]|\T5/cmr/m/n/12 Opponent's
 []


Underfull \hbox (badness 10000) in paragraph at lines 160--160
\T5/cmr/m/n/12 ship marked
 []


Underfull \hbox (badness 10000) in paragraph at lines 163--163
[]|\T5/cmr/m/n/12 After miss,
 []


Underfull \hbox (badness 10000) in paragraph at lines 163--163
\T5/cmr/m/n/12 mem-
 []


Underfull \hbox (badness 10000) in paragraph at lines 163--163
\T5/cmr/m/n/12 ory[index]=1;
 []


Underfull \hbox (badness 10000) in paragraph at lines 163--163
\T5/cmr/m/n/12 board un-
 []


Underfull \hbox (badness 10000) in paragraph at lines 163--163
[]|\T5/cmr/m/n/12 Memory board
 []


Underfull \hbox (badness 10000) in paragraph at lines 163--163
\T5/cmr/m/n/12 up-dated, ship
 []


Underfull \hbox (badness 10000) in paragraph at lines 163--163
\T5/cmr/m/n/12 board un-
 []


Overfull \hbox (0.59149pt too wide) in paragraph at lines 166--166
[]|\T5/cmr/m/n/12 board_has_ship
 []


Underfull \hbox (badness 10000) in paragraph at lines 166--166
\T5/cmr/m/n/12 re-turns false
 []


Underfull \hbox (badness 10000) in paragraph at lines 166--166
[]|\T5/cmr/m/n/12 Game de-clares
 []


Underfull \hbox (badness 10000) in paragraph at lines 166--167
[]|\T5/cmr/m/n/12 Ship de-tec-tion
 []

ignored error: Infinite glue shrinkage found in box being split
File: graphics/hcmut.png Graphic file (type png)
<use graphics/hcmut.png>
Package pdftex.def Info: graphics/hcmut.png  used on input line 169.
(pdftex.def)             Requested size: 20.0pt x 20.19826pt.
 [48]
ignored error: Infinite glue shrinkage found in box being split
File: graphics/hcmut.png Graphic file (type png)
<use graphics/hcmut.png>
Package pdftex.def Info: graphics/hcmut.png  used on input line 169.
(pdftex.def)             Requested size: 20.0pt x 20.19826pt.
 [49]
ignored error: Infinite glue shrinkage found in box being split
File: graphics/hcmut.png Graphic file (type png)
<use graphics/hcmut.png>
Package pdftex.def Info: graphics/hcmut.png  used on input line 169.
(pdftex.def)             Requested size: 20.0pt x 20.19826pt.
 [50]
ignored error: Infinite glue shrinkage found in box being split
File: graphics/hcmut.png Graphic file (type png)
<use graphics/hcmut.png>
Package pdftex.def Info: graphics/hcmut.png  used on input line 169.
(pdftex.def)             Requested size: 20.0pt x 20.19826pt.
 [51]
File: graphics/hcmut.png Graphic file (type png)
<use graphics/hcmut.png>
Package pdftex.def Info: graphics/hcmut.png  used on input line 196.
(pdftex.def)             Requested size: 20.0pt x 20.19826pt.
 [52]
File: graphics/hcmut.png Graphic file (type png)
<use graphics/hcmut.png>
Package pdftex.def Info: graphics/hcmut.png  used on input line 243.
(pdftex.def)             Requested size: 20.0pt x 20.19826pt.

[53]) (chapters/12_limitations_improvements.tex
File: graphics/hcmut.png Graphic file (type png)
<use graphics/hcmut.png>
Package pdftex.def Info: graphics/hcmut.png  used on input line 16.
(pdftex.def)             Requested size: 20.0pt x 20.19826pt.
 [54]
File: graphics/hcmut.png Graphic file (type png)
<use graphics/hcmut.png>
Package pdftex.def Info: graphics/hcmut.png  used on input line 56.
(pdftex.def)             Requested size: 20.0pt x 20.19826pt.
 [55]
File: graphics/hcmut.png Graphic file (type png)
<use graphics/hcmut.png>
Package pdftex.def Info: graphics/hcmut.png  used on input line 103.
(pdftex.def)             Requested size: 20.0pt x 20.19826pt.
 [56]
File: graphics/hcmut.png Graphic file (type png)
<use graphics/hcmut.png>
Package pdftex.def Info: graphics/hcmut.png  used on input line 165.
(pdftex.def)             Requested size: 20.0pt x 20.19826pt.
 [57])
(chapters/13_conclusion.tex
File: graphics/hcmut.png Graphic file (type png)
<use graphics/hcmut.png>
Package pdftex.def Info: graphics/hcmut.png  used on input line 12.
(pdftex.def)             Requested size: 20.0pt x 20.19826pt.
 [58]
File: graphics/hcmut.png Graphic file (type png)
<use graphics/hcmut.png>
Package pdftex.def Info: graphics/hcmut.png  used on input line 42.
(pdftex.def)             Requested size: 20.0pt x 20.19826pt.
 [59]
Overfull \hbox (11.12453pt too wide) in paragraph at lines 72--72
[]\T5/cmr/bx/n/14.4 Thˇch thůc: Tˇch bi»t boardP1/boardP2 v  memP1/memP2 
 []

File: graphics/hcmut.png Graphic file (type png)
<use graphics/hcmut.png>
Package pdftex.def Info: graphics/hcmut.png  used on input line 76.
(pdftex.def)             Requested size: 20.0pt x 20.19826pt.
[60]
File: graphics/hcmut.png Graphic file (type png)
<use graphics/hcmut.png>
Package pdftex.def Info: graphics/hcmut.png  used on input line 107.
(pdftex.def)             Requested size: 20.0pt x 20.19826pt.
 [61])
File: graphics/hcmut.png Graphic file (type png)
<use graphics/hcmut.png>
Package pdftex.def Info: graphics/hcmut.png  used on input line 89.
(pdftex.def)             Requested size: 20.0pt x 20.19826pt.
 [62] (report.aux)
 ***********
LaTeX2e <2025-11-01>
L3 programming layer <2025-12-24>
 ***********
Package rerunfilecheck Info: File `report.out' has not changed.
(rerunfilecheck)             Checksum: 7804362BFDE8B7E94B527135EC96D91F;40287.
 ) 
Here is how much of TeX's memory you used:
 35856 strings out of 467871
 719282 string characters out of 5418377
 1222645 words of memory out of 5000000
 63724 multiletter control sequences out of 15000+600000
 649938 words of font info for 96 fonts, out of 8000000 for 9000
 1141 hyphenation exceptions out of 8191
 99i,25n,108p,491b,1275s stack positions out of 10000i,1000n,20000p,200000b,200000s
 <C:\Users\Admin\AppData\Local\MiKTeX\fonts/pk/ljfour/jknappen/ec/dpi600\tcbx
1200.pk> <C:\Users\Admin\AppData\Local\MiKTeX\fonts/pk/ljfour/jknappen/ec/dpi60
0\tctt1200.pk> <C:\Users\Admin\AppData\Local\MiKTeX\fonts/pk/ljfour/jknappen/ec
/dpi600\tcbx1440.pk> <C:\Users\Admin\AppData\Local\MiKTeX\fonts/pk/ljfour/jknap
pen/ec/dpi600\tcrm1200.pk><C:/Users/Admin/AppData/Local/Programs/MiKTeX/fonts/t
ype1/public/amsfonts/cm/cmmi12.pfb><C:/Users/Admin/AppData/Local/Programs/MiKTe
X/fonts/type1/public/amsfonts/cm/cmr12.pfb><C:/Users/Admin/AppData/Local/Progra
ms/MiKTeX/fonts/type1/public/amsfonts/cm/cmr8.pfb><C:/Users/Admin/AppData/Local
/Programs/MiKTeX/fonts/type1/public/amsfonts/cm/cmsy10.pfb><C:/Users/Admin/AppD
ata/Local/Programs/MiKTeX/fonts/type1/vntex/vnr/vnbx12.pfb><C:/Users/Admin/AppD
ata/Local/Programs/MiKTeX/fonts/type1/vntex/vnr/vnr12.pfb><C:/Users/Admin/AppDa
ta/Local/Programs/MiKTeX/fonts/type1/vntex/vnr/vnti12.pfb><C:/Users/Admin/AppDa
ta/Local/Programs/MiKTeX/fonts/type1/vntex/vnr/vntt12.pfb>
Output written on report.pdf (71 pages, 479140 bytes).
PDF statistics:
 1533 PDF objects out of 1728 (max. 8388607)
 388 named destinations out of 1000 (max. 500000)
 1530 words of extra memory for PDF output out of 10000 (max. 10000000)

